
<!DOCTYPE html>
<html>
	<head>
		<!--
			ExtentReports Library 2.41.1 | http://relevantcodes.com/extentreports-for-selenium/ | https://github.com/anshooarora/
			Copyright (c) 2015, Anshoo Arora (Relevant Codes) | Copyrights licensed under the New BSD License | http://opensource.org/licenses/BSD-3-Clause
			Documentation: http://extentreports.relevantcodes.com 
		-->

		<meta charset='UTF-8' /> 
		<meta name='description' content='ExtentReports (by Anshoo Arora) is a reporting library for automation testing for .NET and Java. It creates detailed and beautiful HTML reports for modern browsers. ExtentReports shows test and step summary along with dashboards, system and environment details for quick analysis of your tests.' />
		<meta name='robots' content='noodp, noydir' />
		<meta name='viewport' content='width=device-width, initial-scale=1' />
		<meta name='extentx' id='extentx' content='' />
		
		<title>
				ExtentReports 2.0
		</title>
		
		
		<link href='https://fonts.googleapis.com/css?family=Source+Sans+Pro:400,600' rel='stylesheet' type='text/css'>
		<link href='https://cdn.rawgit.com/anshooarora/extentreports/45123d736a03aca0abc5c4fcf1e746fef49736fd/cdn/extent.css' type='text/css' rel='stylesheet' />
		
		<style>
				
            
                
            
        
		</style>
	</head>
	
	
	<body class='extent default standard hide-overflow'>
		<!-- nav -->
		<nav>
			<div class='logo-container blue darken-2'>
				<a class='logo-content' href='http://extentreports.relevantcodes.com'>
					<span>ExtentReports</span>
				</a>
				<a href='#' data-activates='slide-out' class='button-collapse hide-on-large-only'><i class='mdi-navigation-apps'></i></a>
			</div>
			<ul id='slide-out' class='side-nav fixed hide-on-med-and-down'>
				<li class='analysis waves-effect active'><a href='#!' class='test-view' onclick="_updateCurrentStage(0)"><i class='mdi-action-dashboard'></i>Test Details</a></li>
				<li class='analysis waves-effect'>
					<a href='#!' onclick="_updateCurrentStage(-1)" class='dashboard-view'><i class='mdi-action-track-changes'></i></i>Analysis</a>
				</li>
			</ul>
			<span class='report-name'>Automation Report</span> <span class='report-headline'></span>
			<ul class='right hide-on-med-and-down nav-right'>
				<li class='theme-selector' alt='Click to toggle dark theme. To enable by default, use js configuration $("body").addClass("dark");' title='Click to toggle dark theme. To enable by default, use js configuration $("body").addClass("dark");'>
					<i class='mdi-hardware-desktop-windows'></i>
				</li>
				<li>
					<span class='suite-started-time'>2018-05-29 21:42:33</span>
				</li>
				<li>
					<span>v2.41.1</span>
				</li>
			</ul>
		</nav>
		<!-- /nav -->
		
		<!-- container -->
		<div class='container'>
			
			<!-- dashboard -->
			<div id='dashboard-view' class='row'>
				<div class='time-totals'>
					<div class='col l2 m4 s6'>
						<div class='card suite-total-tests'> 
							<span class='panel-name'>Total Tests</span> 
							<span class='total-tests'> <span class='panel-lead'></span> </span> 
						</div> 
					</div>
					<div class='col l2 m4 s6'>
						<div class='card suite-total-steps'> 
							<span class='panel-name'>Total Steps</span> 
							<span class='total-steps'> <span class='panel-lead'></span> </span> 
						</div> 
					</div>
					<div class='col l2 m4 s12'>
						<div class='card suite-total-time-current'> 
							<span class='panel-name'>Total Time Taken (Current Run)</span> 
							<span class='suite-total-time-current-value panel-lead'>0h 48m 28s+267ms</span> 
						</div> 
					</div>
					<div class='col l2 m4 s12'>
						<div class='card suite-total-time-overall'> 
							<span class='panel-name'>Total Time Taken (Overall)</span> 
							<span class='suite-total-time-overall-value panel-lead'>0h 48m 28s+267ms</span> 
						</div> 
					</div>
					<div class='col l2 m4 s6 suite-start-time'>
						<div class='card accent green-accent'> 
							<span class='panel-name'>Start</span> 
							<span class='panel-lead suite-started-time'>2018-05-29 20:54:05</span> 
						</div> 
					</div>
					<div class='col l2 m4 s6 suite-end-time'>
						<div class='card accent pink-accent'> 
							<span class='panel-name'>End</span> 
							<span class='panel-lead suite-ended-time'>2018-05-29 21:42:33</span> 
						</div> 
					</div>
				</div>
				<div class='charts'>
					<div class='col s12 m6 l4 fh'> 
						<div class='card-panel'> 
							<div>
								<span class='panel-name'>Tests View</span>
							</div> 
							<div class='panel-setting modal-trigger test-count-setting right'>
								<a href='#test-count-setting'><i class='mdi-navigation-more-vert text-md'></i></a>
							</div> 
							<div class='chart-box'>
								<canvas class='text-centered' id='test-analysis'></canvas>
							</div> 
							<div>
								<span class='weight-light'><span class='t-pass-count weight-normal'></span> test(s) passed</span>
							</div> 
							<div>
								<span class='weight-light'><span class='t-fail-count weight-normal'></span> test(s) failed, <span class='t-others-count weight-normal'></span> others</span>
							</div> 
						</div> 
					</div> 
					<div class='col s12 m6 l4 fh'> 
						<div class='card-panel'> 
							<div>
								<span class='panel-name'>Steps View</span>
							</div> 
							<div class='panel-setting modal-trigger step-status-filter right'>
								<a href='#step-status-filter'><i class='mdi-navigation-more-vert text-md'></i></a>
							</div> 
							<div class='chart-box'>
								<canvas class='text-centered' id='step-analysis'></canvas>
							</div> 
							<div>
								<span class='weight-light'><span class='s-pass-count weight-normal'></span> step(s) passed </span>
							</div> 
							<div>
								<span class='weight-light'><span class='s-fail-count weight-normal'></span> step(s) failed, <span class='s-others-count weight-normal'></span> others</span>
							</div> 
						</div> 
					</div>
					<div class='col s12 m12 l4 fh'> 
						<div class='card-panel'> 
							<span class='panel-name'>Pass Percentage</span> 
							<span class='pass-percentage panel-lead'></span> 
							<div class='progress light-blue lighten-3'> 
								<div class='determinate light-blue'></div> 
							</div> 
						</div> 
					</div>
				</div>
				<div class='system-view'>
					<div class='col l4 m12 s12'>
						<div class='card-panel'>
							<span class='label info outline right'>Environment</span>
							<table>
								<thead>
									<tr>
										<th>Param</th>
										<th>Value</th>
									</tr>
								</thead>
								<tbody>
										<tr>
											<td>User Name</td>
											<td>mbanchho</td>
										</tr>
										<tr>
											<td>OS</td>
											<td>Windows 8.1</td>
										</tr>
										<tr>
											<td>Java Version</td>
											<td>1.7.0_80</td>
										</tr>
										<tr>
											<td>Host Name</td>
											<td>MBANCHHO-IN</td>
										</tr>
								</tbody>
							</table>
						</div>
					</div>
				</div>
			</div>
			<!-- /dashboard -->
			
			<!-- tests -->
			<div id='test-view' class='row _addedTable'>
				<div class='col _addedCell1'>
					<div class='contents'>
						<div class='card-panel heading'>
							<h5>Tests</h5>
						</div>
						<div class='card-panel filters'>
							<div>
								<a class='dropdown-button btn-floating btn-small waves-effect waves-light grey tests-toggle' data-activates='tests-toggle' data-constrainwidth='true' data-beloworigin='true' data-hover='true' href='#'>
									<i class='mdi-action-reorder'></i>
								</a>
								<ul id='tests-toggle' class='dropdown-content'>
									<li class='pass'><a href='#!'>Pass</a></li>
									<li class='fail'><a href='#!'>Fail</a></li>
									<li class='skip'><a href='#!'>Skip</a></li>
									<li class='divider'></li>
									<li class='clear'><a href='#!'>Clear Filters</a></li>
								</ul>
							</div>
							<div>
								<a class='btn-floating btn-small waves-effect waves-light grey' id='clear-filters' alt='Clear Filters' title='Clear Filters'>
									<i class='mdi-navigation-close'></i>
								</a>
							</div>
							<div>
								<a class='btn-floating btn-small waves-effect waves-light grey' id='enableDashboard' alt='Enable Dashboard' title='Enable Dashboard'>
									<i class='mdi-action-track-changes'></i>
								</a>
							</div>
							<div>
								<a class='btn-floating btn-small waves-effect waves-light blue enabled' id='refreshCharts' alt='Refresh Charts on Filters' title='Refresh Charts on Filters'>
									<i class='mdi-navigation-refresh'></i>
								</a>
							</div>
							<div class='search' alt='Search Tests' title='Search Tests'>
								<div class='input-field left'>
									<input id='searchTests' type='text' class='validate' placeholder='Search Tests...'>
								</div>
								<a href="#" class='btn-floating btn-small waves-effect waves-light grey'>
									<i class='mdi-action-search'></i>
								</a>
							</div>
						</div>
						<div class='card-panel no-padding-h no-padding-v no-margin-v'>
							<div class='wrapper'>
								<ul id='test-collection' class='test-collection'>
										<li class='collection-item test displayed active pass ' extentid='05e14b0d-0816-4f9b-b3fd-239ac14ec388'>
											<div class='test-head'>
												<span class='test-name'>tests.DimensionManagementTestSuite.setup </span>
												<span class='test-status label right outline capitalize pass'>pass</span>
												<span class='category-assigned hide '></span>
											</div>
											<div class='test-body'>
												<div class='test-info'>
													<span title='Test started time' alt='Test started time' class='test-started-time label green lighten-1 text-white'>2018-05-29 21:21:58</span>
													<span title='Test ended time' alt='Test ended time' class='test-ended-time label red lighten-1 text-white'></span>
													<span title='Time taken to finish' alt='Time taken to finish' class='test-time-taken label blue-grey lighten-3 text-white'></span>
												</div>
												<div class='test-desc'></div>
												<div class='test-attributes'>
												</div>
												<div class='test-steps'>
													<table class='bordered table-results'>
														<thead>
															<tr>
																<th>Status</th>
																<th>Timestamp</th>
																<th>Details</th>
															</tr>
														</thead>
														<tbody>
																<tr>
																	<td class='status info' title='info' alt='info'><i class='mdi-action-info-outline'></i></td>
																	<td class='timestamp'>21:22:13</td>
																	<td class='step-details'>Login successful.</td>
																</tr>
																<tr>
																	<td class='status pass' title='pass' alt='pass'><i class='mdi-action-check-circle'></i></td>
																	<td class='timestamp'>21:22:16</td>
																	<td class='step-details'>Test case setup is a pass.</td>
																</tr>
																<tr>
																	<td class='status info' title='info' alt='info'><i class='mdi-action-info-outline'></i></td>
																	<td class='timestamp'>21:22:16</td>
																	<td class='step-details'>Test case setup is a pass.</td>
																</tr>
														</tbody>
													</table>
													<ul class='collapsible node-list' data-collapsible='accordion'>
													</ul>
												</div>
											</div>
										</li>
										<li class='collection-item test displayed active fail ' extentid='2982ed53-35e6-4bdb-b532-4f9678095a79'>
											<div class='test-head'>
												<span class='test-name'>tests.DimensionManagementTestSuite.addNewMemberBusinessAtTopDim </span>
												<span class='test-status label right outline capitalize fail'>fail</span>
												<span class='category-assigned hide '></span>
											</div>
											<div class='test-body'>
												<div class='test-info'>
													<span title='Test started time' alt='Test started time' class='test-started-time label green lighten-1 text-white'>2018-05-29 21:22:23</span>
													<span title='Test ended time' alt='Test ended time' class='test-ended-time label red lighten-1 text-white'></span>
													<span title='Time taken to finish' alt='Time taken to finish' class='test-time-taken label blue-grey lighten-3 text-white'></span>
												</div>
												<div class='test-desc'></div>
												<div class='test-attributes'>
												</div>
												<div class='test-steps'>
													<table class='bordered table-results'>
														<thead>
															<tr>
																<th>Status</th>
																<th>Timestamp</th>
																<th>Details</th>
															</tr>
														</thead>
														<tbody>
																<tr>
																	<td class='status info' title='info' alt='info'><i class='mdi-action-info-outline'></i></td>
																	<td class='timestamp'>21:22:23</td>
																	<td class='step-details'>in addNewMemberBusinessAtTopDim</td>
																</tr>
																<tr>
																	<td class='status info' title='info' alt='info'><i class='mdi-action-info-outline'></i></td>
																	<td class='timestamp'>21:22:23</td>
																	<td class='step-details'>opening dimension editor for dimension : Customer</td>
																</tr>
																<tr>
																	<td class='status info' title='info' alt='info'><i class='mdi-action-info-outline'></i></td>
																	<td class='timestamp'>21:22:33</td>
																	<td class='step-details'>opened dimension editor for dimension : Customer</td>
																</tr>
																<tr>
																	<td class='status info' title='info' alt='info'><i class='mdi-action-info-outline'></i></td>
																	<td class='timestamp'>21:22:33</td>
																	<td class='step-details'>Adding new member in Customer.</td>
																</tr>
																<tr>
																	<td class='status fail' title='fail' alt='fail'><i class='mdi-navigation-cancel'></i></td>
																	<td class='timestamp'>21:23:10</td>
																	<td class='step-details'>Test case addNewMemberBusinessAtTopDim is a fail.</td>
																</tr>
																<tr>
																	<td class='status info' title='info' alt='info'><i class='mdi-action-info-outline'></i></td>
																	<td class='timestamp'>21:23:10</td>
																	<td class='step-details'>Test case addNewMemberBusinessAtTopDim is a fail.</td>
																</tr>
																<tr>
																	<td class='status fail' title='fail' alt='fail'><i class='mdi-navigation-cancel'></i></td>
																	<td class='timestamp'>21:23:10</td>
																	<td class='step-details'><pre>org.openqa.selenium.TimeoutException: Timed out after 30 seconds waiting for element to no longer be visible: By.xpath: .//div[contains(@data-afr-popupid,'addMember')]//tr[@title='Member Name']//input
Build info: version: '2.53.1', revision: 'a36b8b1cd5757287168e54b817830adce9b0158d', time: '2016-06-30 19:26:09'
System info: host: 'MBANCHHO-IN', ip: '10.191.213.51', os.name: 'Windows 8.1', os.arch: 'amd64', os.version: '6.3', java.version: '1.7.0_80'
Session ID: 82007f38-aa3f-4305-97c4-f7e992bc5518
Driver info: org.openqa.selenium.remote.RemoteWebDriver
Capabilities [{platform=LINUX, javascriptEnabled=true, acceptSslCerts=true, browserName=firefox, rotatable=false, locationContextEnabled=true, webdriver.remote.sessionid=82007f38-aa3f-4305-97c4-f7e992bc5518, version=38.0, databaseEnabled=true, cssSelectorsEnabled=true, handlesAlerts=true, webStorageEnabled=true, nativeEvents=false, applicationCacheEnabled=true, takesScreenshot=true}]
	at org.openqa.selenium.support.ui.WebDriverWait.timeoutException(WebDriverWait.java:80)
	at org.openqa.selenium.support.ui.FluentWait.until(FluentWait.java:261)
	at poms.DimensionEditorPage.addNewMemberAsChild(DimensionEditorPage.java:81)
	at tests.DimensionManagementTestSuite.addNewMemberBusinessAtTopDim(DimensionManagementTestSuite.java:138)
	at sun.reflect.NativeMethodAccessorImpl.invoke0(Native Method)
	at sun.reflect.NativeMethodAccessorImpl.invoke(NativeMethodAccessorImpl.java:57)
	at sun.reflect.DelegatingMethodAccessorImpl.invoke(DelegatingMethodAccessorImpl.java:43)
	at java.lang.reflect.Method.invoke(Method.java:606)
	at org.testng.internal.MethodInvocationHelper.invokeMethod(MethodInvocationHelper.java:86)
	at org.testng.internal.Invoker.invokeMethod(Invoker.java:643)
	at org.testng.internal.Invoker.invokeTestMethod(Invoker.java:820)
	at org.testng.internal.Invoker.invokeTestMethods(Invoker.java:1128)
	at org.testng.internal.TestMethodWorker.invokeTestMethods(TestMethodWorker.java:129)
	at org.testng.internal.TestMethodWorker.run(TestMethodWorker.java:112)
	at org.testng.TestRunner.privateRun(TestRunner.java:782)
	at org.testng.TestRunner.run(TestRunner.java:632)
	at org.testng.SuiteRunner.runTest(SuiteRunner.java:366)
	at org.testng.SuiteRunner.runSequentially(SuiteRunner.java:361)
	at org.testng.SuiteRunner.privateRun(SuiteRunner.java:319)
	at org.testng.SuiteRunner.run(SuiteRunner.java:268)
	at org.testng.SuiteRunnerWorker.runSuite(SuiteRunnerWorker.java:52)
	at org.testng.SuiteRunnerWorker.run(SuiteRunnerWorker.java:86)
	at org.testng.TestNG.runSuitesSequentially(TestNG.java:1244)
	at org.testng.TestNG.runSuitesLocally(TestNG.java:1169)
	at org.testng.TestNG.run(TestNG.java:1064)
	at org.apache.maven.surefire.testng.TestNGExecutor.run(TestNGExecutor.java:115)
	at org.apache.maven.surefire.testng.TestNGDirectoryTestSuite.executeSingleClass(TestNGDirectoryTestSuite.java:129)
	at org.apache.maven.surefire.testng.TestNGDirectoryTestSuite.execute(TestNGDirectoryTestSuite.java:113)
	at org.apache.maven.surefire.testng.TestNGProvider.invoke(TestNGProvider.java:111)
	at org.apache.maven.surefire.booter.ForkedBooter.invokeProviderInSameClassLoader(ForkedBooter.java:203)
	at org.apache.maven.surefire.booter.ForkedBooter.runSuitesInProcess(ForkedBooter.java:155)
	at org.apache.maven.surefire.booter.ForkedBooter.main(ForkedBooter.java:103)
</pre></td>
																</tr>
																<tr>
																	<td class='status info' title='info' alt='info'><i class='mdi-action-info-outline'></i></td>
																	<td class='timestamp'>21:23:36</td>
																	<td class='step-details'>Login successful.</td>
																</tr>
																<tr>
																	<td class='status info' title='info' alt='info'><i class='mdi-action-info-outline'></i></td>
																	<td class='timestamp'>21:23:36</td>
																	<td class='step-details'>Navigating to DM.</td>
																</tr>
														</tbody>
													</table>
													<ul class='collapsible node-list' data-collapsible='accordion'>
													</ul>
												</div>
											</div>
										</li>
										<li class='collection-item test displayed active fail ' extentid='8e291cfa-0ef9-41ff-8c31-674c2b650528'>
											<div class='test-head'>
												<span class='test-name'>tests.DimensionManagementTestSuite.addNewMemberBusinessDim </span>
												<span class='test-status label right outline capitalize fail'>fail</span>
												<span class='category-assigned hide '></span>
											</div>
											<div class='test-body'>
												<div class='test-info'>
													<span title='Test started time' alt='Test started time' class='test-started-time label green lighten-1 text-white'>2018-05-29 21:23:44</span>
													<span title='Test ended time' alt='Test ended time' class='test-ended-time label red lighten-1 text-white'></span>
													<span title='Time taken to finish' alt='Time taken to finish' class='test-time-taken label blue-grey lighten-3 text-white'></span>
												</div>
												<div class='test-desc'></div>
												<div class='test-attributes'>
												</div>
												<div class='test-steps'>
													<table class='bordered table-results'>
														<thead>
															<tr>
																<th>Status</th>
																<th>Timestamp</th>
																<th>Details</th>
															</tr>
														</thead>
														<tbody>
																<tr>
																	<td class='status info' title='info' alt='info'><i class='mdi-action-info-outline'></i></td>
																	<td class='timestamp'>21:23:44</td>
																	<td class='step-details'>in addNewMemberBusinessDim</td>
																</tr>
																<tr>
																	<td class='status info' title='info' alt='info'><i class='mdi-action-info-outline'></i></td>
																	<td class='timestamp'>21:23:44</td>
																	<td class='step-details'>opening dimension editor for dimension : Customer</td>
																</tr>
																<tr>
																	<td class='status info' title='info' alt='info'><i class='mdi-action-info-outline'></i></td>
																	<td class='timestamp'>21:23:55</td>
																	<td class='step-details'>opened dimension editor for dimension : Customer</td>
																</tr>
																<tr>
																	<td class='status info' title='info' alt='info'><i class='mdi-action-info-outline'></i></td>
																	<td class='timestamp'>21:23:55</td>
																	<td class='step-details'>Adding new member for BB100-001.</td>
																</tr>
																<tr>
																	<td class='status fail' title='fail' alt='fail'><i class='mdi-navigation-cancel'></i></td>
																	<td class='timestamp'>21:24:33</td>
																	<td class='step-details'>Test case addNewMemberBusinessDim is a fail.</td>
																</tr>
																<tr>
																	<td class='status info' title='info' alt='info'><i class='mdi-action-info-outline'></i></td>
																	<td class='timestamp'>21:24:33</td>
																	<td class='step-details'>Test case addNewMemberBusinessDim is a fail.</td>
																</tr>
																<tr>
																	<td class='status fail' title='fail' alt='fail'><i class='mdi-navigation-cancel'></i></td>
																	<td class='timestamp'>21:24:33</td>
																	<td class='step-details'><pre>org.openqa.selenium.TimeoutException: Timed out after 30 seconds waiting for element to no longer be visible: By.xpath: .//div[contains(@data-afr-popupid,'addMember')]//tr[@title='Member Name']//input
Build info: version: '2.53.1', revision: 'a36b8b1cd5757287168e54b817830adce9b0158d', time: '2016-06-30 19:26:09'
System info: host: 'MBANCHHO-IN', ip: '10.191.213.51', os.name: 'Windows 8.1', os.arch: 'amd64', os.version: '6.3', java.version: '1.7.0_80'
Session ID: 66a690d6-4480-4864-82e9-fde5e0ebdfd7
Driver info: org.openqa.selenium.remote.RemoteWebDriver
Capabilities [{platform=LINUX, javascriptEnabled=true, acceptSslCerts=true, browserName=firefox, rotatable=false, locationContextEnabled=true, webdriver.remote.sessionid=66a690d6-4480-4864-82e9-fde5e0ebdfd7, version=38.0, databaseEnabled=true, cssSelectorsEnabled=true, handlesAlerts=true, webStorageEnabled=true, nativeEvents=false, applicationCacheEnabled=true, takesScreenshot=true}]
	at org.openqa.selenium.support.ui.WebDriverWait.timeoutException(WebDriverWait.java:80)
	at org.openqa.selenium.support.ui.FluentWait.until(FluentWait.java:261)
	at poms.DimensionEditorPage.addNewMemberAsChild(DimensionEditorPage.java:81)
	at tests.DimensionManagementTestSuite.addNewMemberBusinessDim(DimensionManagementTestSuite.java:163)
	at sun.reflect.NativeMethodAccessorImpl.invoke0(Native Method)
	at sun.reflect.NativeMethodAccessorImpl.invoke(NativeMethodAccessorImpl.java:57)
	at sun.reflect.DelegatingMethodAccessorImpl.invoke(DelegatingMethodAccessorImpl.java:43)
	at java.lang.reflect.Method.invoke(Method.java:606)
	at org.testng.internal.MethodInvocationHelper.invokeMethod(MethodInvocationHelper.java:86)
	at org.testng.internal.Invoker.invokeMethod(Invoker.java:643)
	at org.testng.internal.Invoker.invokeTestMethod(Invoker.java:820)
	at org.testng.internal.Invoker.invokeTestMethods(Invoker.java:1128)
	at org.testng.internal.TestMethodWorker.invokeTestMethods(TestMethodWorker.java:129)
	at org.testng.internal.TestMethodWorker.run(TestMethodWorker.java:112)
	at org.testng.TestRunner.privateRun(TestRunner.java:782)
	at org.testng.TestRunner.run(TestRunner.java:632)
	at org.testng.SuiteRunner.runTest(SuiteRunner.java:366)
	at org.testng.SuiteRunner.runSequentially(SuiteRunner.java:361)
	at org.testng.SuiteRunner.privateRun(SuiteRunner.java:319)
	at org.testng.SuiteRunner.run(SuiteRunner.java:268)
	at org.testng.SuiteRunnerWorker.runSuite(SuiteRunnerWorker.java:52)
	at org.testng.SuiteRunnerWorker.run(SuiteRunnerWorker.java:86)
	at org.testng.TestNG.runSuitesSequentially(TestNG.java:1244)
	at org.testng.TestNG.runSuitesLocally(TestNG.java:1169)
	at org.testng.TestNG.run(TestNG.java:1064)
	at org.apache.maven.surefire.testng.TestNGExecutor.run(TestNGExecutor.java:115)
	at org.apache.maven.surefire.testng.TestNGDirectoryTestSuite.executeSingleClass(TestNGDirectoryTestSuite.java:129)
	at org.apache.maven.surefire.testng.TestNGDirectoryTestSuite.execute(TestNGDirectoryTestSuite.java:113)
	at org.apache.maven.surefire.testng.TestNGProvider.invoke(TestNGProvider.java:111)
	at org.apache.maven.surefire.booter.ForkedBooter.invokeProviderInSameClassLoader(ForkedBooter.java:203)
	at org.apache.maven.surefire.booter.ForkedBooter.runSuitesInProcess(ForkedBooter.java:155)
	at org.apache.maven.surefire.booter.ForkedBooter.main(ForkedBooter.java:103)
</pre></td>
																</tr>
																<tr>
																	<td class='status info' title='info' alt='info'><i class='mdi-action-info-outline'></i></td>
																	<td class='timestamp'>21:25:00</td>
																	<td class='step-details'>Login successful.</td>
																</tr>
																<tr>
																	<td class='status info' title='info' alt='info'><i class='mdi-action-info-outline'></i></td>
																	<td class='timestamp'>21:25:00</td>
																	<td class='step-details'>Navigating to DM.</td>
																</tr>
														</tbody>
													</table>
													<ul class='collapsible node-list' data-collapsible='accordion'>
													</ul>
												</div>
											</div>
										</li>
										<li class='collection-item test displayed active fail ' extentid='c6d3b22c-3a38-483e-9c1b-c007fa01cef8'>
											<div class='test-head'>
												<span class='test-name'>tests.DimensionManagementTestSuite.addNewSharedMemberBusinessDim </span>
												<span class='test-status label right outline capitalize fail'>fail</span>
												<span class='category-assigned hide '></span>
											</div>
											<div class='test-body'>
												<div class='test-info'>
													<span title='Test started time' alt='Test started time' class='test-started-time label green lighten-1 text-white'>2018-05-29 21:25:09</span>
													<span title='Test ended time' alt='Test ended time' class='test-ended-time label red lighten-1 text-white'></span>
													<span title='Time taken to finish' alt='Time taken to finish' class='test-time-taken label blue-grey lighten-3 text-white'></span>
												</div>
												<div class='test-desc'></div>
												<div class='test-attributes'>
												</div>
												<div class='test-steps'>
													<table class='bordered table-results'>
														<thead>
															<tr>
																<th>Status</th>
																<th>Timestamp</th>
																<th>Details</th>
															</tr>
														</thead>
														<tbody>
																<tr>
																	<td class='status info' title='info' alt='info'><i class='mdi-action-info-outline'></i></td>
																	<td class='timestamp'>21:25:09</td>
																	<td class='step-details'>In addNewSharedMemberBusinessDim</td>
																</tr>
																<tr>
																	<td class='status info' title='info' alt='info'><i class='mdi-action-info-outline'></i></td>
																	<td class='timestamp'>21:25:09</td>
																	<td class='step-details'>Opening dimension editor for dimension : Account</td>
																</tr>
																<tr>
																	<td class='status info' title='info' alt='info'><i class='mdi-action-info-outline'></i></td>
																	<td class='timestamp'>21:25:20</td>
																	<td class='step-details'>Opened dimension editor for dimension : Account</td>
																</tr>
																<tr>
																	<td class='status info' title='info' alt='info'><i class='mdi-action-info-outline'></i></td>
																	<td class='timestamp'>21:25:20</td>
																	<td class='step-details'>Adding new shared member for BB100-001.</td>
																</tr>
																<tr>
																	<td class='status info' title='info' alt='info'><i class='mdi-action-info-outline'></i></td>
																	<td class='timestamp'>21:27:10</td>
																	<td class='step-details'>Added new shared member for STAT1001.</td>
																</tr>
																<tr>
																	<td class='status info' title='info' alt='info'><i class='mdi-action-info-outline'></i></td>
																	<td class='timestamp'>21:27:10</td>
																	<td class='step-details'>Verifying new member for STAT1001.</td>
																</tr>
																<tr>
																	<td class='status info' title='info' alt='info'><i class='mdi-action-info-outline'></i></td>
																	<td class='timestamp'>21:27:10</td>
																	<td class='step-details'>Verified new member for STAT1001.</td>
																</tr>
																<tr>
																	<td class='status info' title='info' alt='info'><i class='mdi-action-info-outline'></i></td>
																	<td class='timestamp'>21:27:10</td>
																	<td class='step-details'>Saving new member for STAT1001.</td>
																</tr>
																<tr>
																	<td class='status info' title='info' alt='info'><i class='mdi-action-info-outline'></i></td>
																	<td class='timestamp'>21:27:13</td>
																	<td class='step-details'>Saved new member for STAT1001.</td>
																</tr>
																<tr>
																	<td class='status info' title='info' alt='info'><i class='mdi-action-info-outline'></i></td>
																	<td class='timestamp'>21:27:13</td>
																	<td class='step-details'>Closing diemnsion Editor.</td>
																</tr>
																<tr>
																	<td class='status info' title='info' alt='info'><i class='mdi-action-info-outline'></i></td>
																	<td class='timestamp'>21:27:14</td>
																	<td class='step-details'>Closed diemnsion Editor.</td>
																</tr>
																<tr>
																	<td class='status info' title='info' alt='info'><i class='mdi-action-info-outline'></i></td>
																	<td class='timestamp'>21:27:14</td>
																	<td class='step-details'>Verifying that new member is added in the database.</td>
																</tr>
																<tr>
																	<td class='status fail' title='fail' alt='fail'><i class='mdi-navigation-cancel'></i></td>
																	<td class='timestamp'>21:27:18</td>
																	<td class='step-details'>Test case addNewSharedMemberBusinessDim is a fail.</td>
																</tr>
																<tr>
																	<td class='status info' title='info' alt='info'><i class='mdi-action-info-outline'></i></td>
																	<td class='timestamp'>21:27:18</td>
																	<td class='step-details'>Test case addNewSharedMemberBusinessDim is a fail.</td>
																</tr>
																<tr>
																	<td class='status fail' title='fail' alt='fail'><i class='mdi-navigation-cancel'></i></td>
																	<td class='timestamp'>21:27:18</td>
																	<td class='step-details'><pre>java.lang.RuntimeException: Failed to get Dimension info for  meta data
	at com.oracle.pcmcs.dbconn.utils.DatabaseUtils.getDimensionFromRDB(DatabaseUtils.java:302)
	at tests.DimensionManagementTestSuite.addMemberVerification(DimensionManagementTestSuite.java:70)
	at tests.DimensionManagementTestSuite.addNewSharedMemberBusinessDim(DimensionManagementTestSuite.java:202)
	at sun.reflect.NativeMethodAccessorImpl.invoke0(Native Method)
	at sun.reflect.NativeMethodAccessorImpl.invoke(NativeMethodAccessorImpl.java:57)
	at sun.reflect.DelegatingMethodAccessorImpl.invoke(DelegatingMethodAccessorImpl.java:43)
	at java.lang.reflect.Method.invoke(Method.java:606)
	at org.testng.internal.MethodInvocationHelper.invokeMethod(MethodInvocationHelper.java:86)
	at org.testng.internal.Invoker.invokeMethod(Invoker.java:643)
	at org.testng.internal.Invoker.invokeTestMethod(Invoker.java:820)
	at org.testng.internal.Invoker.invokeTestMethods(Invoker.java:1128)
	at org.testng.internal.TestMethodWorker.invokeTestMethods(TestMethodWorker.java:129)
	at org.testng.internal.TestMethodWorker.run(TestMethodWorker.java:112)
	at org.testng.TestRunner.privateRun(TestRunner.java:782)
	at org.testng.TestRunner.run(TestRunner.java:632)
	at org.testng.SuiteRunner.runTest(SuiteRunner.java:366)
	at org.testng.SuiteRunner.runSequentially(SuiteRunner.java:361)
	at org.testng.SuiteRunner.privateRun(SuiteRunner.java:319)
	at org.testng.SuiteRunner.run(SuiteRunner.java:268)
	at org.testng.SuiteRunnerWorker.runSuite(SuiteRunnerWorker.java:52)
	at org.testng.SuiteRunnerWorker.run(SuiteRunnerWorker.java:86)
	at org.testng.TestNG.runSuitesSequentially(TestNG.java:1244)
	at org.testng.TestNG.runSuitesLocally(TestNG.java:1169)
	at org.testng.TestNG.run(TestNG.java:1064)
	at org.apache.maven.surefire.testng.TestNGExecutor.run(TestNGExecutor.java:115)
	at org.apache.maven.surefire.testng.TestNGDirectoryTestSuite.executeSingleClass(TestNGDirectoryTestSuite.java:129)
	at org.apache.maven.surefire.testng.TestNGDirectoryTestSuite.execute(TestNGDirectoryTestSuite.java:113)
	at org.apache.maven.surefire.testng.TestNGProvider.invoke(TestNGProvider.java:111)
	at org.apache.maven.surefire.booter.ForkedBooter.invokeProviderInSameClassLoader(ForkedBooter.java:203)
	at org.apache.maven.surefire.booter.ForkedBooter.runSuitesInProcess(ForkedBooter.java:155)
	at org.apache.maven.surefire.booter.ForkedBooter.main(ForkedBooter.java:103)
</pre></td>
																</tr>
																<tr>
																	<td class='status info' title='info' alt='info'><i class='mdi-action-info-outline'></i></td>
																	<td class='timestamp'>21:27:44</td>
																	<td class='step-details'>Login successful.</td>
																</tr>
																<tr>
																	<td class='status info' title='info' alt='info'><i class='mdi-action-info-outline'></i></td>
																	<td class='timestamp'>21:27:44</td>
																	<td class='step-details'>Navigating to DM.</td>
																</tr>
														</tbody>
													</table>
													<ul class='collapsible node-list' data-collapsible='accordion'>
													</ul>
												</div>
											</div>
										</li>
										<li class='collection-item test displayed active fail ' extentid='12bcd780-818e-4d5c-b50c-e704cc4c7752'>
											<div class='test-head'>
												<span class='test-name'>tests.DimensionManagementTestSuite.addNewMemberAttribute </span>
												<span class='test-status label right outline capitalize fail'>fail</span>
												<span class='category-assigned hide '></span>
											</div>
											<div class='test-body'>
												<div class='test-info'>
													<span title='Test started time' alt='Test started time' class='test-started-time label green lighten-1 text-white'>2018-05-29 21:27:52</span>
													<span title='Test ended time' alt='Test ended time' class='test-ended-time label red lighten-1 text-white'></span>
													<span title='Time taken to finish' alt='Time taken to finish' class='test-time-taken label blue-grey lighten-3 text-white'></span>
												</div>
												<div class='test-desc'></div>
												<div class='test-attributes'>
												</div>
												<div class='test-steps'>
													<table class='bordered table-results'>
														<thead>
															<tr>
																<th>Status</th>
																<th>Timestamp</th>
																<th>Details</th>
															</tr>
														</thead>
														<tbody>
																<tr>
																	<td class='status info' title='info' alt='info'><i class='mdi-action-info-outline'></i></td>
																	<td class='timestamp'>21:27:52</td>
																	<td class='step-details'>In addNewMemberAttribute</td>
																</tr>
																<tr>
																	<td class='status info' title='info' alt='info'><i class='mdi-action-info-outline'></i></td>
																	<td class='timestamp'>21:27:52</td>
																	<td class='step-details'>Opening dimension editor for dimension : Delivery Zone</td>
																</tr>
																<tr>
																	<td class='status info' title='info' alt='info'><i class='mdi-action-info-outline'></i></td>
																	<td class='timestamp'>21:28:01</td>
																	<td class='step-details'>Opened dimension editor for dimension : Delivery Zone</td>
																</tr>
																<tr>
																	<td class='status info' title='info' alt='info'><i class='mdi-action-info-outline'></i></td>
																	<td class='timestamp'>21:28:01</td>
																	<td class='step-details'>Adding new member for TY.</td>
																</tr>
																<tr>
																	<td class='status info' title='info' alt='info'><i class='mdi-action-info-outline'></i></td>
																	<td class='timestamp'>21:29:51</td>
																	<td class='step-details'>Added new member for TY.</td>
																</tr>
																<tr>
																	<td class='status info' title='info' alt='info'><i class='mdi-action-info-outline'></i></td>
																	<td class='timestamp'>21:29:51</td>
																	<td class='step-details'>Verifying new member for TY.</td>
																</tr>
																<tr>
																	<td class='status info' title='info' alt='info'><i class='mdi-action-info-outline'></i></td>
																	<td class='timestamp'>21:29:51</td>
																	<td class='step-details'>Verified new member for TY.</td>
																</tr>
																<tr>
																	<td class='status info' title='info' alt='info'><i class='mdi-action-info-outline'></i></td>
																	<td class='timestamp'>21:29:51</td>
																	<td class='step-details'>Saving new member for TY.</td>
																</tr>
																<tr>
																	<td class='status info' title='info' alt='info'><i class='mdi-action-info-outline'></i></td>
																	<td class='timestamp'>21:29:53</td>
																	<td class='step-details'>Saved new member for TY.</td>
																</tr>
																<tr>
																	<td class='status info' title='info' alt='info'><i class='mdi-action-info-outline'></i></td>
																	<td class='timestamp'>21:29:53</td>
																	<td class='step-details'>Closing diemnsion Editor.</td>
																</tr>
																<tr>
																	<td class='status info' title='info' alt='info'><i class='mdi-action-info-outline'></i></td>
																	<td class='timestamp'>21:29:55</td>
																	<td class='step-details'>Closed diemnsion Editor.</td>
																</tr>
																<tr>
																	<td class='status info' title='info' alt='info'><i class='mdi-action-info-outline'></i></td>
																	<td class='timestamp'>21:29:55</td>
																	<td class='step-details'>Verifying that new member is added in the database.</td>
																</tr>
																<tr>
																	<td class='status fail' title='fail' alt='fail'><i class='mdi-navigation-cancel'></i></td>
																	<td class='timestamp'>21:29:58</td>
																	<td class='step-details'>Test case addNewMemberAttribute is a fail.</td>
																</tr>
																<tr>
																	<td class='status info' title='info' alt='info'><i class='mdi-action-info-outline'></i></td>
																	<td class='timestamp'>21:29:58</td>
																	<td class='step-details'>Test case addNewMemberAttribute is a fail.</td>
																</tr>
																<tr>
																	<td class='status fail' title='fail' alt='fail'><i class='mdi-navigation-cancel'></i></td>
																	<td class='timestamp'>21:29:58</td>
																	<td class='step-details'><pre>java.lang.RuntimeException: Failed to get Dimension info for  meta data
	at com.oracle.pcmcs.dbconn.utils.DatabaseUtils.getDimensionFromRDB(DatabaseUtils.java:302)
	at tests.DimensionManagementTestSuite.addMemberVerification(DimensionManagementTestSuite.java:70)
	at tests.DimensionManagementTestSuite.addNewMemberAttribute(DimensionManagementTestSuite.java:255)
	at sun.reflect.NativeMethodAccessorImpl.invoke0(Native Method)
	at sun.reflect.NativeMethodAccessorImpl.invoke(NativeMethodAccessorImpl.java:57)
	at sun.reflect.DelegatingMethodAccessorImpl.invoke(DelegatingMethodAccessorImpl.java:43)
	at java.lang.reflect.Method.invoke(Method.java:606)
	at org.testng.internal.MethodInvocationHelper.invokeMethod(MethodInvocationHelper.java:86)
	at org.testng.internal.Invoker.invokeMethod(Invoker.java:643)
	at org.testng.internal.Invoker.invokeTestMethod(Invoker.java:820)
	at org.testng.internal.Invoker.invokeTestMethods(Invoker.java:1128)
	at org.testng.internal.TestMethodWorker.invokeTestMethods(TestMethodWorker.java:129)
	at org.testng.internal.TestMethodWorker.run(TestMethodWorker.java:112)
	at org.testng.TestRunner.privateRun(TestRunner.java:782)
	at org.testng.TestRunner.run(TestRunner.java:632)
	at org.testng.SuiteRunner.runTest(SuiteRunner.java:366)
	at org.testng.SuiteRunner.runSequentially(SuiteRunner.java:361)
	at org.testng.SuiteRunner.privateRun(SuiteRunner.java:319)
	at org.testng.SuiteRunner.run(SuiteRunner.java:268)
	at org.testng.SuiteRunnerWorker.runSuite(SuiteRunnerWorker.java:52)
	at org.testng.SuiteRunnerWorker.run(SuiteRunnerWorker.java:86)
	at org.testng.TestNG.runSuitesSequentially(TestNG.java:1244)
	at org.testng.TestNG.runSuitesLocally(TestNG.java:1169)
	at org.testng.TestNG.run(TestNG.java:1064)
	at org.apache.maven.surefire.testng.TestNGExecutor.run(TestNGExecutor.java:115)
	at org.apache.maven.surefire.testng.TestNGDirectoryTestSuite.executeSingleClass(TestNGDirectoryTestSuite.java:129)
	at org.apache.maven.surefire.testng.TestNGDirectoryTestSuite.execute(TestNGDirectoryTestSuite.java:113)
	at org.apache.maven.surefire.testng.TestNGProvider.invoke(TestNGProvider.java:111)
	at org.apache.maven.surefire.booter.ForkedBooter.invokeProviderInSameClassLoader(ForkedBooter.java:203)
	at org.apache.maven.surefire.booter.ForkedBooter.runSuitesInProcess(ForkedBooter.java:155)
	at org.apache.maven.surefire.booter.ForkedBooter.main(ForkedBooter.java:103)
</pre></td>
																</tr>
																<tr>
																	<td class='status info' title='info' alt='info'><i class='mdi-action-info-outline'></i></td>
																	<td class='timestamp'>21:30:25</td>
																	<td class='step-details'>Login successful.</td>
																</tr>
																<tr>
																	<td class='status info' title='info' alt='info'><i class='mdi-action-info-outline'></i></td>
																	<td class='timestamp'>21:30:25</td>
																	<td class='step-details'>Navigating to DM.</td>
																</tr>
														</tbody>
													</table>
													<ul class='collapsible node-list' data-collapsible='accordion'>
													</ul>
												</div>
											</div>
										</li>
										<li class='collection-item test displayed active fail ' extentid='17449d27-3d2a-4084-b0ac-26b7be28e735'>
											<div class='test-head'>
												<span class='test-name'>tests.DimensionManagementTestSuite.addNewMemebrPOVDim </span>
												<span class='test-status label right outline capitalize fail'>fail</span>
												<span class='category-assigned hide '></span>
											</div>
											<div class='test-body'>
												<div class='test-info'>
													<span title='Test started time' alt='Test started time' class='test-started-time label green lighten-1 text-white'>2018-05-29 21:30:34</span>
													<span title='Test ended time' alt='Test ended time' class='test-ended-time label red lighten-1 text-white'></span>
													<span title='Time taken to finish' alt='Time taken to finish' class='test-time-taken label blue-grey lighten-3 text-white'></span>
												</div>
												<div class='test-desc'></div>
												<div class='test-attributes'>
												</div>
												<div class='test-steps'>
													<table class='bordered table-results'>
														<thead>
															<tr>
																<th>Status</th>
																<th>Timestamp</th>
																<th>Details</th>
															</tr>
														</thead>
														<tbody>
																<tr>
																	<td class='status info' title='info' alt='info'><i class='mdi-action-info-outline'></i></td>
																	<td class='timestamp'>21:30:34</td>
																	<td class='step-details'>In addNewMemebrPOVDim</td>
																</tr>
																<tr>
																	<td class='status info' title='info' alt='info'><i class='mdi-action-info-outline'></i></td>
																	<td class='timestamp'>21:30:34</td>
																	<td class='step-details'>Opening dimension editor for dimension : Year</td>
																</tr>
																<tr>
																	<td class='status info' title='info' alt='info'><i class='mdi-action-info-outline'></i></td>
																	<td class='timestamp'>21:30:45</td>
																	<td class='step-details'>Opened dimension editor for dimension : Year</td>
																</tr>
																<tr>
																	<td class='status info' title='info' alt='info'><i class='mdi-action-info-outline'></i></td>
																	<td class='timestamp'>21:30:45</td>
																	<td class='step-details'>Adding new member for 1500.</td>
																</tr>
																<tr>
																	<td class='status info' title='info' alt='info'><i class='mdi-action-info-outline'></i></td>
																	<td class='timestamp'>21:32:33</td>
																	<td class='step-details'>Added new member for 1500.</td>
																</tr>
																<tr>
																	<td class='status info' title='info' alt='info'><i class='mdi-action-info-outline'></i></td>
																	<td class='timestamp'>21:32:33</td>
																	<td class='step-details'>Verifying new member for 1500.</td>
																</tr>
																<tr>
																	<td class='status info' title='info' alt='info'><i class='mdi-action-info-outline'></i></td>
																	<td class='timestamp'>21:32:33</td>
																	<td class='step-details'>Verified new member for 1500.</td>
																</tr>
																<tr>
																	<td class='status info' title='info' alt='info'><i class='mdi-action-info-outline'></i></td>
																	<td class='timestamp'>21:32:33</td>
																	<td class='step-details'>Saving new member for 1500.</td>
																</tr>
																<tr>
																	<td class='status info' title='info' alt='info'><i class='mdi-action-info-outline'></i></td>
																	<td class='timestamp'>21:32:37</td>
																	<td class='step-details'>Saved new member for 1500.</td>
																</tr>
																<tr>
																	<td class='status info' title='info' alt='info'><i class='mdi-action-info-outline'></i></td>
																	<td class='timestamp'>21:32:37</td>
																	<td class='step-details'>Closing diemnsion Editor.</td>
																</tr>
																<tr>
																	<td class='status info' title='info' alt='info'><i class='mdi-action-info-outline'></i></td>
																	<td class='timestamp'>21:32:38</td>
																	<td class='step-details'>Closed diemnsion Editor.</td>
																</tr>
																<tr>
																	<td class='status info' title='info' alt='info'><i class='mdi-action-info-outline'></i></td>
																	<td class='timestamp'>21:32:38</td>
																	<td class='step-details'>Verifying that new member is added in the database.</td>
																</tr>
																<tr>
																	<td class='status info' title='info' alt='info'><i class='mdi-action-info-outline'></i></td>
																	<td class='timestamp'>21:32:38</td>
																	<td class='step-details'>Verifying that new member is added in the database.</td>
																</tr>
																<tr>
																	<td class='status fail' title='fail' alt='fail'><i class='mdi-navigation-cancel'></i></td>
																	<td class='timestamp'>21:32:41</td>
																	<td class='step-details'>Test case addNewMemebrPOVDim is a fail.</td>
																</tr>
																<tr>
																	<td class='status info' title='info' alt='info'><i class='mdi-action-info-outline'></i></td>
																	<td class='timestamp'>21:32:41</td>
																	<td class='step-details'>Test case addNewMemebrPOVDim is a fail.</td>
																</tr>
																<tr>
																	<td class='status fail' title='fail' alt='fail'><i class='mdi-navigation-cancel'></i></td>
																	<td class='timestamp'>21:32:41</td>
																	<td class='step-details'><pre>java.lang.RuntimeException: Failed to get Dimension info for  meta data
	at com.oracle.pcmcs.dbconn.utils.DatabaseUtils.getDimensionFromRDB(DatabaseUtils.java:302)
	at tests.DimensionManagementTestSuite.addMemberVerification(DimensionManagementTestSuite.java:70)
	at tests.DimensionManagementTestSuite.addNewMemebrPOVDim(DimensionManagementTestSuite.java:229)
	at sun.reflect.NativeMethodAccessorImpl.invoke0(Native Method)
	at sun.reflect.NativeMethodAccessorImpl.invoke(NativeMethodAccessorImpl.java:57)
	at sun.reflect.DelegatingMethodAccessorImpl.invoke(DelegatingMethodAccessorImpl.java:43)
	at java.lang.reflect.Method.invoke(Method.java:606)
	at org.testng.internal.MethodInvocationHelper.invokeMethod(MethodInvocationHelper.java:86)
	at org.testng.internal.Invoker.invokeMethod(Invoker.java:643)
	at org.testng.internal.Invoker.invokeTestMethod(Invoker.java:820)
	at org.testng.internal.Invoker.invokeTestMethods(Invoker.java:1128)
	at org.testng.internal.TestMethodWorker.invokeTestMethods(TestMethodWorker.java:129)
	at org.testng.internal.TestMethodWorker.run(TestMethodWorker.java:112)
	at org.testng.TestRunner.privateRun(TestRunner.java:782)
	at org.testng.TestRunner.run(TestRunner.java:632)
	at org.testng.SuiteRunner.runTest(SuiteRunner.java:366)
	at org.testng.SuiteRunner.runSequentially(SuiteRunner.java:361)
	at org.testng.SuiteRunner.privateRun(SuiteRunner.java:319)
	at org.testng.SuiteRunner.run(SuiteRunner.java:268)
	at org.testng.SuiteRunnerWorker.runSuite(SuiteRunnerWorker.java:52)
	at org.testng.SuiteRunnerWorker.run(SuiteRunnerWorker.java:86)
	at org.testng.TestNG.runSuitesSequentially(TestNG.java:1244)
	at org.testng.TestNG.runSuitesLocally(TestNG.java:1169)
	at org.testng.TestNG.run(TestNG.java:1064)
	at org.apache.maven.surefire.testng.TestNGExecutor.run(TestNGExecutor.java:115)
	at org.apache.maven.surefire.testng.TestNGDirectoryTestSuite.executeSingleClass(TestNGDirectoryTestSuite.java:129)
	at org.apache.maven.surefire.testng.TestNGDirectoryTestSuite.execute(TestNGDirectoryTestSuite.java:113)
	at org.apache.maven.surefire.testng.TestNGProvider.invoke(TestNGProvider.java:111)
	at org.apache.maven.surefire.booter.ForkedBooter.invokeProviderInSameClassLoader(ForkedBooter.java:203)
	at org.apache.maven.surefire.booter.ForkedBooter.runSuitesInProcess(ForkedBooter.java:155)
	at org.apache.maven.surefire.booter.ForkedBooter.main(ForkedBooter.java:103)
</pre></td>
																</tr>
																<tr>
																	<td class='status info' title='info' alt='info'><i class='mdi-action-info-outline'></i></td>
																	<td class='timestamp'>21:33:08</td>
																	<td class='step-details'>Login successful.</td>
																</tr>
																<tr>
																	<td class='status info' title='info' alt='info'><i class='mdi-action-info-outline'></i></td>
																	<td class='timestamp'>21:33:08</td>
																	<td class='step-details'>Navigating to DM.</td>
																</tr>
														</tbody>
													</table>
													<ul class='collapsible node-list' data-collapsible='accordion'>
													</ul>
												</div>
											</div>
										</li>
										<li class='collection-item test displayed active fail ' extentid='8a1d3aad-f642-4d65-a30e-ed2f8878e3fb'>
											<div class='test-head'>
												<span class='test-name'>tests.DimensionManagementTestSuite.deleteMemberBusiness </span>
												<span class='test-status label right outline capitalize fail'>fail</span>
												<span class='category-assigned hide '></span>
											</div>
											<div class='test-body'>
												<div class='test-info'>
													<span title='Test started time' alt='Test started time' class='test-started-time label green lighten-1 text-white'>2018-05-29 21:33:16</span>
													<span title='Test ended time' alt='Test ended time' class='test-ended-time label red lighten-1 text-white'></span>
													<span title='Time taken to finish' alt='Time taken to finish' class='test-time-taken label blue-grey lighten-3 text-white'></span>
												</div>
												<div class='test-desc'></div>
												<div class='test-attributes'>
												</div>
												<div class='test-steps'>
													<table class='bordered table-results'>
														<thead>
															<tr>
																<th>Status</th>
																<th>Timestamp</th>
																<th>Details</th>
															</tr>
														</thead>
														<tbody>
																<tr>
																	<td class='status info' title='info' alt='info'><i class='mdi-action-info-outline'></i></td>
																	<td class='timestamp'>21:33:16</td>
																	<td class='step-details'>In deleteMemberBusiness</td>
																</tr>
																<tr>
																	<td class='status info' title='info' alt='info'><i class='mdi-action-info-outline'></i></td>
																	<td class='timestamp'>21:33:16</td>
																	<td class='step-details'>Opening dimension editor for dimension : Activity</td>
																</tr>
																<tr>
																	<td class='status info' title='info' alt='info'><i class='mdi-action-info-outline'></i></td>
																	<td class='timestamp'>21:33:30</td>
																	<td class='step-details'>Opened dimension editor for dimension : Activity</td>
																</tr>
																<tr>
																	<td class='status info' title='info' alt='info'><i class='mdi-action-info-outline'></i></td>
																	<td class='timestamp'>21:33:30</td>
																	<td class='step-details'>Deleting  member  BUS1640.</td>
																</tr>
																<tr>
																	<td class='status info' title='info' alt='info'><i class='mdi-action-info-outline'></i></td>
																	<td class='timestamp'>21:33:36</td>
																	<td class='step-details'>Deleted member  BUS1640.</td>
																</tr>
																<tr>
																	<td class='status info' title='info' alt='info'><i class='mdi-action-info-outline'></i></td>
																	<td class='timestamp'>21:33:37</td>
																	<td class='step-details'>Verifying delete for BUS1640.</td>
																</tr>
																<tr>
																	<td class='status info' title='info' alt='info'><i class='mdi-action-info-outline'></i></td>
																	<td class='timestamp'>21:33:37</td>
																	<td class='step-details'>Verified delete member for BUS1640.</td>
																</tr>
																<tr>
																	<td class='status info' title='info' alt='info'><i class='mdi-action-info-outline'></i></td>
																	<td class='timestamp'>21:33:37</td>
																	<td class='step-details'>Saving.</td>
																</tr>
																<tr>
																	<td class='status info' title='info' alt='info'><i class='mdi-action-info-outline'></i></td>
																	<td class='timestamp'>21:33:40</td>
																	<td class='step-details'>Saved.</td>
																</tr>
																<tr>
																	<td class='status info' title='info' alt='info'><i class='mdi-action-info-outline'></i></td>
																	<td class='timestamp'>21:33:40</td>
																	<td class='step-details'>Closing diemnsion Editor.</td>
																</tr>
																<tr>
																	<td class='status info' title='info' alt='info'><i class='mdi-action-info-outline'></i></td>
																	<td class='timestamp'>21:33:42</td>
																	<td class='step-details'>Closed diemnsion Editor.</td>
																</tr>
																<tr>
																	<td class='status info' title='info' alt='info'><i class='mdi-action-info-outline'></i></td>
																	<td class='timestamp'>21:33:42</td>
																	<td class='step-details'>Verifying that new member is added in the database.</td>
																</tr>
																<tr>
																	<td class='status fail' title='fail' alt='fail'><i class='mdi-navigation-cancel'></i></td>
																	<td class='timestamp'>21:33:44</td>
																	<td class='step-details'>Test case deleteMemberBusiness is a fail.</td>
																</tr>
																<tr>
																	<td class='status info' title='info' alt='info'><i class='mdi-action-info-outline'></i></td>
																	<td class='timestamp'>21:33:44</td>
																	<td class='step-details'>Test case deleteMemberBusiness is a fail.</td>
																</tr>
																<tr>
																	<td class='status fail' title='fail' alt='fail'><i class='mdi-navigation-cancel'></i></td>
																	<td class='timestamp'>21:33:44</td>
																	<td class='step-details'><pre>java.lang.RuntimeException: Failed to get Dimension info for  meta data
	at com.oracle.pcmcs.dbconn.utils.DatabaseUtils.getDimensionFromRDB(DatabaseUtils.java:302)
	at tests.DimensionManagementTestSuite.deleteMemberVerification(DimensionManagementTestSuite.java:55)
	at tests.DimensionManagementTestSuite.deleteMemberBusiness(DimensionManagementTestSuite.java:281)
	at sun.reflect.NativeMethodAccessorImpl.invoke0(Native Method)
	at sun.reflect.NativeMethodAccessorImpl.invoke(NativeMethodAccessorImpl.java:57)
	at sun.reflect.DelegatingMethodAccessorImpl.invoke(DelegatingMethodAccessorImpl.java:43)
	at java.lang.reflect.Method.invoke(Method.java:606)
	at org.testng.internal.MethodInvocationHelper.invokeMethod(MethodInvocationHelper.java:86)
	at org.testng.internal.Invoker.invokeMethod(Invoker.java:643)
	at org.testng.internal.Invoker.invokeTestMethod(Invoker.java:820)
	at org.testng.internal.Invoker.invokeTestMethods(Invoker.java:1128)
	at org.testng.internal.TestMethodWorker.invokeTestMethods(TestMethodWorker.java:129)
	at org.testng.internal.TestMethodWorker.run(TestMethodWorker.java:112)
	at org.testng.TestRunner.privateRun(TestRunner.java:782)
	at org.testng.TestRunner.run(TestRunner.java:632)
	at org.testng.SuiteRunner.runTest(SuiteRunner.java:366)
	at org.testng.SuiteRunner.runSequentially(SuiteRunner.java:361)
	at org.testng.SuiteRunner.privateRun(SuiteRunner.java:319)
	at org.testng.SuiteRunner.run(SuiteRunner.java:268)
	at org.testng.SuiteRunnerWorker.runSuite(SuiteRunnerWorker.java:52)
	at org.testng.SuiteRunnerWorker.run(SuiteRunnerWorker.java:86)
	at org.testng.TestNG.runSuitesSequentially(TestNG.java:1244)
	at org.testng.TestNG.runSuitesLocally(TestNG.java:1169)
	at org.testng.TestNG.run(TestNG.java:1064)
	at org.apache.maven.surefire.testng.TestNGExecutor.run(TestNGExecutor.java:115)
	at org.apache.maven.surefire.testng.TestNGDirectoryTestSuite.executeSingleClass(TestNGDirectoryTestSuite.java:129)
	at org.apache.maven.surefire.testng.TestNGDirectoryTestSuite.execute(TestNGDirectoryTestSuite.java:113)
	at org.apache.maven.surefire.testng.TestNGProvider.invoke(TestNGProvider.java:111)
	at org.apache.maven.surefire.booter.ForkedBooter.invokeProviderInSameClassLoader(ForkedBooter.java:203)
	at org.apache.maven.surefire.booter.ForkedBooter.runSuitesInProcess(ForkedBooter.java:155)
	at org.apache.maven.surefire.booter.ForkedBooter.main(ForkedBooter.java:103)
</pre></td>
																</tr>
																<tr>
																	<td class='status info' title='info' alt='info'><i class='mdi-action-info-outline'></i></td>
																	<td class='timestamp'>21:34:11</td>
																	<td class='step-details'>Login successful.</td>
																</tr>
																<tr>
																	<td class='status info' title='info' alt='info'><i class='mdi-action-info-outline'></i></td>
																	<td class='timestamp'>21:34:11</td>
																	<td class='step-details'>Navigating to DM.</td>
																</tr>
														</tbody>
													</table>
													<ul class='collapsible node-list' data-collapsible='accordion'>
													</ul>
												</div>
											</div>
										</li>
										<li class='collection-item test displayed active fail ' extentid='c332e7a7-96b3-43f1-9c3c-74bda3c3b30e'>
											<div class='test-head'>
												<span class='test-name'>tests.DimensionManagementTestSuite.delete0LevelMemberPOV </span>
												<span class='test-status label right outline capitalize fail'>fail</span>
												<span class='category-assigned hide '></span>
											</div>
											<div class='test-body'>
												<div class='test-info'>
													<span title='Test started time' alt='Test started time' class='test-started-time label green lighten-1 text-white'>2018-05-29 21:34:19</span>
													<span title='Test ended time' alt='Test ended time' class='test-ended-time label red lighten-1 text-white'></span>
													<span title='Time taken to finish' alt='Time taken to finish' class='test-time-taken label blue-grey lighten-3 text-white'></span>
												</div>
												<div class='test-desc'></div>
												<div class='test-attributes'>
												</div>
												<div class='test-steps'>
													<table class='bordered table-results'>
														<thead>
															<tr>
																<th>Status</th>
																<th>Timestamp</th>
																<th>Details</th>
															</tr>
														</thead>
														<tbody>
																<tr>
																	<td class='status info' title='info' alt='info'><i class='mdi-action-info-outline'></i></td>
																	<td class='timestamp'>21:34:19</td>
																	<td class='step-details'>In deleteMemberPOV</td>
																</tr>
																<tr>
																	<td class='status info' title='info' alt='info'><i class='mdi-action-info-outline'></i></td>
																	<td class='timestamp'>21:34:19</td>
																	<td class='step-details'>Opening dimension editor for dimension : Year</td>
																</tr>
																<tr>
																	<td class='status info' title='info' alt='info'><i class='mdi-action-info-outline'></i></td>
																	<td class='timestamp'>21:34:33</td>
																	<td class='step-details'>Opened dimension editor for dimension : Year</td>
																</tr>
																<tr>
																	<td class='status info' title='info' alt='info'><i class='mdi-action-info-outline'></i></td>
																	<td class='timestamp'>21:34:33</td>
																	<td class='step-details'>Deleting  member  2014.</td>
																</tr>
																<tr>
																	<td class='status info' title='info' alt='info'><i class='mdi-action-info-outline'></i></td>
																	<td class='timestamp'>21:34:38</td>
																	<td class='step-details'>Deleted member  2014.</td>
																</tr>
																<tr>
																	<td class='status info' title='info' alt='info'><i class='mdi-action-info-outline'></i></td>
																	<td class='timestamp'>21:34:40</td>
																	<td class='step-details'>Verifying delete for 2014.</td>
																</tr>
																<tr>
																	<td class='status info' title='info' alt='info'><i class='mdi-action-info-outline'></i></td>
																	<td class='timestamp'>21:34:40</td>
																	<td class='step-details'>Verified delete member for 2014.</td>
																</tr>
																<tr>
																	<td class='status info' title='info' alt='info'><i class='mdi-action-info-outline'></i></td>
																	<td class='timestamp'>21:34:40</td>
																	<td class='step-details'>Saving.</td>
																</tr>
																<tr>
																	<td class='status info' title='info' alt='info'><i class='mdi-action-info-outline'></i></td>
																	<td class='timestamp'>21:34:42</td>
																	<td class='step-details'>Saved.</td>
																</tr>
																<tr>
																	<td class='status info' title='info' alt='info'><i class='mdi-action-info-outline'></i></td>
																	<td class='timestamp'>21:34:42</td>
																	<td class='step-details'>Closing diemnsion Editor.</td>
																</tr>
																<tr>
																	<td class='status info' title='info' alt='info'><i class='mdi-action-info-outline'></i></td>
																	<td class='timestamp'>21:34:43</td>
																	<td class='step-details'>Closed diemnsion Editor.</td>
																</tr>
																<tr>
																	<td class='status info' title='info' alt='info'><i class='mdi-action-info-outline'></i></td>
																	<td class='timestamp'>21:34:43</td>
																	<td class='step-details'>Verifying that new member is added in the database.</td>
																</tr>
																<tr>
																	<td class='status fail' title='fail' alt='fail'><i class='mdi-navigation-cancel'></i></td>
																	<td class='timestamp'>21:34:47</td>
																	<td class='step-details'>Test case delete0LevelMemberPOV is a fail.</td>
																</tr>
																<tr>
																	<td class='status info' title='info' alt='info'><i class='mdi-action-info-outline'></i></td>
																	<td class='timestamp'>21:34:47</td>
																	<td class='step-details'>Test case delete0LevelMemberPOV is a fail.</td>
																</tr>
																<tr>
																	<td class='status fail' title='fail' alt='fail'><i class='mdi-navigation-cancel'></i></td>
																	<td class='timestamp'>21:34:47</td>
																	<td class='step-details'><pre>java.lang.RuntimeException: Failed to get Dimension info for  meta data
	at com.oracle.pcmcs.dbconn.utils.DatabaseUtils.getDimensionFromRDB(DatabaseUtils.java:302)
	at tests.DimensionManagementTestSuite.deleteMemberVerification(DimensionManagementTestSuite.java:55)
	at tests.DimensionManagementTestSuite.delete0LevelMemberPOV(DimensionManagementTestSuite.java:307)
	at sun.reflect.NativeMethodAccessorImpl.invoke0(Native Method)
	at sun.reflect.NativeMethodAccessorImpl.invoke(NativeMethodAccessorImpl.java:57)
	at sun.reflect.DelegatingMethodAccessorImpl.invoke(DelegatingMethodAccessorImpl.java:43)
	at java.lang.reflect.Method.invoke(Method.java:606)
	at org.testng.internal.MethodInvocationHelper.invokeMethod(MethodInvocationHelper.java:86)
	at org.testng.internal.Invoker.invokeMethod(Invoker.java:643)
	at org.testng.internal.Invoker.invokeTestMethod(Invoker.java:820)
	at org.testng.internal.Invoker.invokeTestMethods(Invoker.java:1128)
	at org.testng.internal.TestMethodWorker.invokeTestMethods(TestMethodWorker.java:129)
	at org.testng.internal.TestMethodWorker.run(TestMethodWorker.java:112)
	at org.testng.TestRunner.privateRun(TestRunner.java:782)
	at org.testng.TestRunner.run(TestRunner.java:632)
	at org.testng.SuiteRunner.runTest(SuiteRunner.java:366)
	at org.testng.SuiteRunner.runSequentially(SuiteRunner.java:361)
	at org.testng.SuiteRunner.privateRun(SuiteRunner.java:319)
	at org.testng.SuiteRunner.run(SuiteRunner.java:268)
	at org.testng.SuiteRunnerWorker.runSuite(SuiteRunnerWorker.java:52)
	at org.testng.SuiteRunnerWorker.run(SuiteRunnerWorker.java:86)
	at org.testng.TestNG.runSuitesSequentially(TestNG.java:1244)
	at org.testng.TestNG.runSuitesLocally(TestNG.java:1169)
	at org.testng.TestNG.run(TestNG.java:1064)
	at org.apache.maven.surefire.testng.TestNGExecutor.run(TestNGExecutor.java:115)
	at org.apache.maven.surefire.testng.TestNGDirectoryTestSuite.executeSingleClass(TestNGDirectoryTestSuite.java:129)
	at org.apache.maven.surefire.testng.TestNGDirectoryTestSuite.execute(TestNGDirectoryTestSuite.java:113)
	at org.apache.maven.surefire.testng.TestNGProvider.invoke(TestNGProvider.java:111)
	at org.apache.maven.surefire.booter.ForkedBooter.invokeProviderInSameClassLoader(ForkedBooter.java:203)
	at org.apache.maven.surefire.booter.ForkedBooter.runSuitesInProcess(ForkedBooter.java:155)
	at org.apache.maven.surefire.booter.ForkedBooter.main(ForkedBooter.java:103)
</pre></td>
																</tr>
																<tr>
																	<td class='status info' title='info' alt='info'><i class='mdi-action-info-outline'></i></td>
																	<td class='timestamp'>21:35:14</td>
																	<td class='step-details'>Login successful.</td>
																</tr>
																<tr>
																	<td class='status info' title='info' alt='info'><i class='mdi-action-info-outline'></i></td>
																	<td class='timestamp'>21:35:14</td>
																	<td class='step-details'>Navigating to DM.</td>
																</tr>
														</tbody>
													</table>
													<ul class='collapsible node-list' data-collapsible='accordion'>
													</ul>
												</div>
											</div>
										</li>
										<li class='collection-item test displayed active fail ' extentid='8b0b3ea7-7126-4502-8356-2860ee9c84cb'>
											<div class='test-head'>
												<span class='test-name'>tests.DimensionManagementTestSuite.delete0LevelMemberAttribute </span>
												<span class='test-status label right outline capitalize fail'>fail</span>
												<span class='category-assigned hide '></span>
											</div>
											<div class='test-body'>
												<div class='test-info'>
													<span title='Test started time' alt='Test started time' class='test-started-time label green lighten-1 text-white'>2018-05-29 21:35:22</span>
													<span title='Test ended time' alt='Test ended time' class='test-ended-time label red lighten-1 text-white'></span>
													<span title='Time taken to finish' alt='Time taken to finish' class='test-time-taken label blue-grey lighten-3 text-white'></span>
												</div>
												<div class='test-desc'></div>
												<div class='test-attributes'>
												</div>
												<div class='test-steps'>
													<table class='bordered table-results'>
														<thead>
															<tr>
																<th>Status</th>
																<th>Timestamp</th>
																<th>Details</th>
															</tr>
														</thead>
														<tbody>
																<tr>
																	<td class='status info' title='info' alt='info'><i class='mdi-action-info-outline'></i></td>
																	<td class='timestamp'>21:35:22</td>
																	<td class='step-details'>In deleteMemberPOV</td>
																</tr>
																<tr>
																	<td class='status info' title='info' alt='info'><i class='mdi-action-info-outline'></i></td>
																	<td class='timestamp'>21:35:22</td>
																	<td class='step-details'>Opening dimension editor for dimension : Region</td>
																</tr>
																<tr>
																	<td class='status info' title='info' alt='info'><i class='mdi-action-info-outline'></i></td>
																	<td class='timestamp'>21:35:30</td>
																	<td class='step-details'>Opened dimension editor for dimension : Region</td>
																</tr>
																<tr>
																	<td class='status info' title='info' alt='info'><i class='mdi-action-info-outline'></i></td>
																	<td class='timestamp'>21:35:30</td>
																	<td class='step-details'>Deleting  member  CAN P.</td>
																</tr>
																<tr>
																	<td class='status info' title='info' alt='info'><i class='mdi-action-info-outline'></i></td>
																	<td class='timestamp'>21:35:37</td>
																	<td class='step-details'>Deleted member  CAN P.</td>
																</tr>
																<tr>
																	<td class='status info' title='info' alt='info'><i class='mdi-action-info-outline'></i></td>
																	<td class='timestamp'>21:35:38</td>
																	<td class='step-details'>Verifying delete for CAN P.</td>
																</tr>
																<tr>
																	<td class='status info' title='info' alt='info'><i class='mdi-action-info-outline'></i></td>
																	<td class='timestamp'>21:35:38</td>
																	<td class='step-details'>Verified delete member for CAN P.</td>
																</tr>
																<tr>
																	<td class='status info' title='info' alt='info'><i class='mdi-action-info-outline'></i></td>
																	<td class='timestamp'>21:35:38</td>
																	<td class='step-details'>Saving.</td>
																</tr>
																<tr>
																	<td class='status info' title='info' alt='info'><i class='mdi-action-info-outline'></i></td>
																	<td class='timestamp'>21:35:40</td>
																	<td class='step-details'>Saved.</td>
																</tr>
																<tr>
																	<td class='status info' title='info' alt='info'><i class='mdi-action-info-outline'></i></td>
																	<td class='timestamp'>21:35:40</td>
																	<td class='step-details'>Closing diemnsion Editor.</td>
																</tr>
																<tr>
																	<td class='status info' title='info' alt='info'><i class='mdi-action-info-outline'></i></td>
																	<td class='timestamp'>21:35:41</td>
																	<td class='step-details'>Closed diemnsion Editor.</td>
																</tr>
																<tr>
																	<td class='status info' title='info' alt='info'><i class='mdi-action-info-outline'></i></td>
																	<td class='timestamp'>21:35:41</td>
																	<td class='step-details'>Verifying that new member is added in the database.</td>
																</tr>
																<tr>
																	<td class='status fail' title='fail' alt='fail'><i class='mdi-navigation-cancel'></i></td>
																	<td class='timestamp'>21:35:44</td>
																	<td class='step-details'>Test case delete0LevelMemberAttribute is a fail.</td>
																</tr>
																<tr>
																	<td class='status info' title='info' alt='info'><i class='mdi-action-info-outline'></i></td>
																	<td class='timestamp'>21:35:44</td>
																	<td class='step-details'>Test case delete0LevelMemberAttribute is a fail.</td>
																</tr>
																<tr>
																	<td class='status fail' title='fail' alt='fail'><i class='mdi-navigation-cancel'></i></td>
																	<td class='timestamp'>21:35:44</td>
																	<td class='step-details'><pre>java.lang.RuntimeException: Failed to get Dimension info for  meta data
	at com.oracle.pcmcs.dbconn.utils.DatabaseUtils.getDimensionFromRDB(DatabaseUtils.java:302)
	at tests.DimensionManagementTestSuite.deleteMemberVerification(DimensionManagementTestSuite.java:55)
	at tests.DimensionManagementTestSuite.delete0LevelMemberAttribute(DimensionManagementTestSuite.java:333)
	at sun.reflect.NativeMethodAccessorImpl.invoke0(Native Method)
	at sun.reflect.NativeMethodAccessorImpl.invoke(NativeMethodAccessorImpl.java:57)
	at sun.reflect.DelegatingMethodAccessorImpl.invoke(DelegatingMethodAccessorImpl.java:43)
	at java.lang.reflect.Method.invoke(Method.java:606)
	at org.testng.internal.MethodInvocationHelper.invokeMethod(MethodInvocationHelper.java:86)
	at org.testng.internal.Invoker.invokeMethod(Invoker.java:643)
	at org.testng.internal.Invoker.invokeTestMethod(Invoker.java:820)
	at org.testng.internal.Invoker.invokeTestMethods(Invoker.java:1128)
	at org.testng.internal.TestMethodWorker.invokeTestMethods(TestMethodWorker.java:129)
	at org.testng.internal.TestMethodWorker.run(TestMethodWorker.java:112)
	at org.testng.TestRunner.privateRun(TestRunner.java:782)
	at org.testng.TestRunner.run(TestRunner.java:632)
	at org.testng.SuiteRunner.runTest(SuiteRunner.java:366)
	at org.testng.SuiteRunner.runSequentially(SuiteRunner.java:361)
	at org.testng.SuiteRunner.privateRun(SuiteRunner.java:319)
	at org.testng.SuiteRunner.run(SuiteRunner.java:268)
	at org.testng.SuiteRunnerWorker.runSuite(SuiteRunnerWorker.java:52)
	at org.testng.SuiteRunnerWorker.run(SuiteRunnerWorker.java:86)
	at org.testng.TestNG.runSuitesSequentially(TestNG.java:1244)
	at org.testng.TestNG.runSuitesLocally(TestNG.java:1169)
	at org.testng.TestNG.run(TestNG.java:1064)
	at org.apache.maven.surefire.testng.TestNGExecutor.run(TestNGExecutor.java:115)
	at org.apache.maven.surefire.testng.TestNGDirectoryTestSuite.executeSingleClass(TestNGDirectoryTestSuite.java:129)
	at org.apache.maven.surefire.testng.TestNGDirectoryTestSuite.execute(TestNGDirectoryTestSuite.java:113)
	at org.apache.maven.surefire.testng.TestNGProvider.invoke(TestNGProvider.java:111)
	at org.apache.maven.surefire.booter.ForkedBooter.invokeProviderInSameClassLoader(ForkedBooter.java:203)
	at org.apache.maven.surefire.booter.ForkedBooter.runSuitesInProcess(ForkedBooter.java:155)
	at org.apache.maven.surefire.booter.ForkedBooter.main(ForkedBooter.java:103)
</pre></td>
																</tr>
																<tr>
																	<td class='status info' title='info' alt='info'><i class='mdi-action-info-outline'></i></td>
																	<td class='timestamp'>21:36:10</td>
																	<td class='step-details'>Login successful.</td>
																</tr>
																<tr>
																	<td class='status info' title='info' alt='info'><i class='mdi-action-info-outline'></i></td>
																	<td class='timestamp'>21:36:10</td>
																	<td class='step-details'>Navigating to DM.</td>
																</tr>
														</tbody>
													</table>
													<ul class='collapsible node-list' data-collapsible='accordion'>
													</ul>
												</div>
											</div>
										</li>
										<li class='collection-item test displayed active fail ' extentid='dd3c80f6-3a93-417f-92ef-450d073a59a5'>
											<div class='test-head'>
												<span class='test-name'>tests.DimensionManagementTestSuite.copy0levelMemberBusiness </span>
												<span class='test-status label right outline capitalize fail'>fail</span>
												<span class='category-assigned hide '></span>
											</div>
											<div class='test-body'>
												<div class='test-info'>
													<span title='Test started time' alt='Test started time' class='test-started-time label green lighten-1 text-white'>2018-05-29 21:36:18</span>
													<span title='Test ended time' alt='Test ended time' class='test-ended-time label red lighten-1 text-white'></span>
													<span title='Time taken to finish' alt='Time taken to finish' class='test-time-taken label blue-grey lighten-3 text-white'></span>
												</div>
												<div class='test-desc'></div>
												<div class='test-attributes'>
												</div>
												<div class='test-steps'>
													<table class='bordered table-results'>
														<thead>
															<tr>
																<th>Status</th>
																<th>Timestamp</th>
																<th>Details</th>
															</tr>
														</thead>
														<tbody>
																<tr>
																	<td class='status info' title='info' alt='info'><i class='mdi-action-info-outline'></i></td>
																	<td class='timestamp'>21:36:18</td>
																	<td class='step-details'>In copy0levelMemberBusiness</td>
																</tr>
																<tr>
																	<td class='status info' title='info' alt='info'><i class='mdi-action-info-outline'></i></td>
																	<td class='timestamp'>21:36:18</td>
																	<td class='step-details'>Opening dimension editor for dimension : Activity</td>
																</tr>
																<tr>
																	<td class='status info' title='info' alt='info'><i class='mdi-action-info-outline'></i></td>
																	<td class='timestamp'>21:36:31</td>
																	<td class='step-details'>Opened dimension editor for dimension : Activity</td>
																</tr>
																<tr>
																	<td class='status info' title='info' alt='info'><i class='mdi-action-info-outline'></i></td>
																	<td class='timestamp'>21:36:31</td>
																	<td class='step-details'>Copying 0-level  member  NoActivity.</td>
																</tr>
																<tr>
																	<td class='status info' title='info' alt='info'><i class='mdi-action-info-outline'></i></td>
																	<td class='timestamp'>21:36:36</td>
																	<td class='step-details'>Copied member  NoActivity.</td>
																</tr>
																<tr>
																	<td class='status info' title='info' alt='info'><i class='mdi-action-info-outline'></i></td>
																	<td class='timestamp'>21:36:38</td>
																	<td class='step-details'>Verifying Copy for NoActivity.</td>
																</tr>
																<tr>
																	<td class='status info' title='info' alt='info'><i class='mdi-action-info-outline'></i></td>
																	<td class='timestamp'>21:36:38</td>
																	<td class='step-details'>Verified Copy member for NoActivity.</td>
																</tr>
																<tr>
																	<td class='status info' title='info' alt='info'><i class='mdi-action-info-outline'></i></td>
																	<td class='timestamp'>21:36:38</td>
																	<td class='step-details'>Saving.</td>
																</tr>
																<tr>
																	<td class='status info' title='info' alt='info'><i class='mdi-action-info-outline'></i></td>
																	<td class='timestamp'>21:36:40</td>
																	<td class='step-details'>Saved.</td>
																</tr>
																<tr>
																	<td class='status info' title='info' alt='info'><i class='mdi-action-info-outline'></i></td>
																	<td class='timestamp'>21:36:40</td>
																	<td class='step-details'>Closing diemnsion Editor.</td>
																</tr>
																<tr>
																	<td class='status info' title='info' alt='info'><i class='mdi-action-info-outline'></i></td>
																	<td class='timestamp'>21:36:41</td>
																	<td class='step-details'>Closed diemnsion Editor.</td>
																</tr>
																<tr>
																	<td class='status info' title='info' alt='info'><i class='mdi-action-info-outline'></i></td>
																	<td class='timestamp'>21:36:41</td>
																	<td class='step-details'>Verifying that new member is added in the database.</td>
																</tr>
																<tr>
																	<td class='status fail' title='fail' alt='fail'><i class='mdi-navigation-cancel'></i></td>
																	<td class='timestamp'>21:36:44</td>
																	<td class='step-details'>Test case copy0levelMemberBusiness is a fail.</td>
																</tr>
																<tr>
																	<td class='status info' title='info' alt='info'><i class='mdi-action-info-outline'></i></td>
																	<td class='timestamp'>21:36:44</td>
																	<td class='step-details'>Test case copy0levelMemberBusiness is a fail.</td>
																</tr>
																<tr>
																	<td class='status fail' title='fail' alt='fail'><i class='mdi-navigation-cancel'></i></td>
																	<td class='timestamp'>21:36:44</td>
																	<td class='step-details'><pre>java.lang.RuntimeException: Failed to get Dimension info for  meta data
	at com.oracle.pcmcs.dbconn.utils.DatabaseUtils.getDimensionFromRDB(DatabaseUtils.java:302)
	at tests.DimensionManagementTestSuite.addMemberVerification(DimensionManagementTestSuite.java:70)
	at tests.DimensionManagementTestSuite.copy0levelMemberBusiness(DimensionManagementTestSuite.java:360)
	at sun.reflect.NativeMethodAccessorImpl.invoke0(Native Method)
	at sun.reflect.NativeMethodAccessorImpl.invoke(NativeMethodAccessorImpl.java:57)
	at sun.reflect.DelegatingMethodAccessorImpl.invoke(DelegatingMethodAccessorImpl.java:43)
	at java.lang.reflect.Method.invoke(Method.java:606)
	at org.testng.internal.MethodInvocationHelper.invokeMethod(MethodInvocationHelper.java:86)
	at org.testng.internal.Invoker.invokeMethod(Invoker.java:643)
	at org.testng.internal.Invoker.invokeTestMethod(Invoker.java:820)
	at org.testng.internal.Invoker.invokeTestMethods(Invoker.java:1128)
	at org.testng.internal.TestMethodWorker.invokeTestMethods(TestMethodWorker.java:129)
	at org.testng.internal.TestMethodWorker.run(TestMethodWorker.java:112)
	at org.testng.TestRunner.privateRun(TestRunner.java:782)
	at org.testng.TestRunner.run(TestRunner.java:632)
	at org.testng.SuiteRunner.runTest(SuiteRunner.java:366)
	at org.testng.SuiteRunner.runSequentially(SuiteRunner.java:361)
	at org.testng.SuiteRunner.privateRun(SuiteRunner.java:319)
	at org.testng.SuiteRunner.run(SuiteRunner.java:268)
	at org.testng.SuiteRunnerWorker.runSuite(SuiteRunnerWorker.java:52)
	at org.testng.SuiteRunnerWorker.run(SuiteRunnerWorker.java:86)
	at org.testng.TestNG.runSuitesSequentially(TestNG.java:1244)
	at org.testng.TestNG.runSuitesLocally(TestNG.java:1169)
	at org.testng.TestNG.run(TestNG.java:1064)
	at org.apache.maven.surefire.testng.TestNGExecutor.run(TestNGExecutor.java:115)
	at org.apache.maven.surefire.testng.TestNGDirectoryTestSuite.executeSingleClass(TestNGDirectoryTestSuite.java:129)
	at org.apache.maven.surefire.testng.TestNGDirectoryTestSuite.execute(TestNGDirectoryTestSuite.java:113)
	at org.apache.maven.surefire.testng.TestNGProvider.invoke(TestNGProvider.java:111)
	at org.apache.maven.surefire.booter.ForkedBooter.invokeProviderInSameClassLoader(ForkedBooter.java:203)
	at org.apache.maven.surefire.booter.ForkedBooter.runSuitesInProcess(ForkedBooter.java:155)
	at org.apache.maven.surefire.booter.ForkedBooter.main(ForkedBooter.java:103)
</pre></td>
																</tr>
																<tr>
																	<td class='status info' title='info' alt='info'><i class='mdi-action-info-outline'></i></td>
																	<td class='timestamp'>21:37:10</td>
																	<td class='step-details'>Login successful.</td>
																</tr>
																<tr>
																	<td class='status info' title='info' alt='info'><i class='mdi-action-info-outline'></i></td>
																	<td class='timestamp'>21:37:10</td>
																	<td class='step-details'>Navigating to DM.</td>
																</tr>
														</tbody>
													</table>
													<ul class='collapsible node-list' data-collapsible='accordion'>
													</ul>
												</div>
											</div>
										</li>
										<li class='collection-item test displayed active fail ' extentid='92ed1434-863f-428c-8969-fdc26a4b1078'>
											<div class='test-head'>
												<span class='test-name'>tests.DimensionManagementTestSuite.deleteNon0levelMemberBusiness </span>
												<span class='test-status label right outline capitalize fail'>fail</span>
												<span class='category-assigned hide '></span>
											</div>
											<div class='test-body'>
												<div class='test-info'>
													<span title='Test started time' alt='Test started time' class='test-started-time label green lighten-1 text-white'>2018-05-29 21:37:18</span>
													<span title='Test ended time' alt='Test ended time' class='test-ended-time label red lighten-1 text-white'></span>
													<span title='Time taken to finish' alt='Time taken to finish' class='test-time-taken label blue-grey lighten-3 text-white'></span>
												</div>
												<div class='test-desc'></div>
												<div class='test-attributes'>
												</div>
												<div class='test-steps'>
													<table class='bordered table-results'>
														<thead>
															<tr>
																<th>Status</th>
																<th>Timestamp</th>
																<th>Details</th>
															</tr>
														</thead>
														<tbody>
																<tr>
																	<td class='status info' title='info' alt='info'><i class='mdi-action-info-outline'></i></td>
																	<td class='timestamp'>21:37:18</td>
																	<td class='step-details'>Opening dimension editor for dimension : Customer</td>
																</tr>
																<tr>
																	<td class='status info' title='info' alt='info'><i class='mdi-action-info-outline'></i></td>
																	<td class='timestamp'>21:37:34</td>
																	<td class='step-details'>Opened dimension editor for dimension : Customer</td>
																</tr>
																<tr>
																	<td class='status info' title='info' alt='info'><i class='mdi-action-info-outline'></i></td>
																	<td class='timestamp'>21:37:34</td>
																	<td class='step-details'>Deleting non 0-level  member  Webstore.</td>
																</tr>
																<tr>
																	<td class='status info' title='info' alt='info'><i class='mdi-action-info-outline'></i></td>
																	<td class='timestamp'>21:37:39</td>
																	<td class='step-details'>Deleted member  Webstore.</td>
																</tr>
																<tr>
																	<td class='status info' title='info' alt='info'><i class='mdi-action-info-outline'></i></td>
																	<td class='timestamp'>21:37:41</td>
																	<td class='step-details'>Verifying Delete for Webstore.</td>
																</tr>
																<tr>
																	<td class='status info' title='info' alt='info'><i class='mdi-action-info-outline'></i></td>
																	<td class='timestamp'>21:37:41</td>
																	<td class='step-details'>Verified Delete member for Webstore.</td>
																</tr>
																<tr>
																	<td class='status info' title='info' alt='info'><i class='mdi-action-info-outline'></i></td>
																	<td class='timestamp'>21:37:41</td>
																	<td class='step-details'>Saving.</td>
																</tr>
																<tr>
																	<td class='status info' title='info' alt='info'><i class='mdi-action-info-outline'></i></td>
																	<td class='timestamp'>21:37:43</td>
																	<td class='step-details'>Saved.</td>
																</tr>
																<tr>
																	<td class='status info' title='info' alt='info'><i class='mdi-action-info-outline'></i></td>
																	<td class='timestamp'>21:37:43</td>
																	<td class='step-details'>Closing diemnsion Editor.</td>
																</tr>
																<tr>
																	<td class='status info' title='info' alt='info'><i class='mdi-action-info-outline'></i></td>
																	<td class='timestamp'>21:37:44</td>
																	<td class='step-details'>Closed diemnsion Editor.</td>
																</tr>
																<tr>
																	<td class='status info' title='info' alt='info'><i class='mdi-action-info-outline'></i></td>
																	<td class='timestamp'>21:37:44</td>
																	<td class='step-details'>Verifying that new member is added in the database.</td>
																</tr>
																<tr>
																	<td class='status fail' title='fail' alt='fail'><i class='mdi-navigation-cancel'></i></td>
																	<td class='timestamp'>21:37:47</td>
																	<td class='step-details'>Test case deleteNon0levelMemberBusiness is a fail.</td>
																</tr>
																<tr>
																	<td class='status info' title='info' alt='info'><i class='mdi-action-info-outline'></i></td>
																	<td class='timestamp'>21:37:47</td>
																	<td class='step-details'>Test case deleteNon0levelMemberBusiness is a fail.</td>
																</tr>
																<tr>
																	<td class='status fail' title='fail' alt='fail'><i class='mdi-navigation-cancel'></i></td>
																	<td class='timestamp'>21:37:47</td>
																	<td class='step-details'><pre>java.lang.RuntimeException: Failed to get Dimension info for  meta data
	at com.oracle.pcmcs.dbconn.utils.DatabaseUtils.getDimensionFromRDB(DatabaseUtils.java:302)
	at tests.DimensionManagementTestSuite.deleteMemberVerification(DimensionManagementTestSuite.java:55)
	at tests.DimensionManagementTestSuite.deleteNon0levelMemberBusiness(DimensionManagementTestSuite.java:387)
	at sun.reflect.NativeMethodAccessorImpl.invoke0(Native Method)
	at sun.reflect.NativeMethodAccessorImpl.invoke(NativeMethodAccessorImpl.java:57)
	at sun.reflect.DelegatingMethodAccessorImpl.invoke(DelegatingMethodAccessorImpl.java:43)
	at java.lang.reflect.Method.invoke(Method.java:606)
	at org.testng.internal.MethodInvocationHelper.invokeMethod(MethodInvocationHelper.java:86)
	at org.testng.internal.Invoker.invokeMethod(Invoker.java:643)
	at org.testng.internal.Invoker.invokeTestMethod(Invoker.java:820)
	at org.testng.internal.Invoker.invokeTestMethods(Invoker.java:1128)
	at org.testng.internal.TestMethodWorker.invokeTestMethods(TestMethodWorker.java:129)
	at org.testng.internal.TestMethodWorker.run(TestMethodWorker.java:112)
	at org.testng.TestRunner.privateRun(TestRunner.java:782)
	at org.testng.TestRunner.run(TestRunner.java:632)
	at org.testng.SuiteRunner.runTest(SuiteRunner.java:366)
	at org.testng.SuiteRunner.runSequentially(SuiteRunner.java:361)
	at org.testng.SuiteRunner.privateRun(SuiteRunner.java:319)
	at org.testng.SuiteRunner.run(SuiteRunner.java:268)
	at org.testng.SuiteRunnerWorker.runSuite(SuiteRunnerWorker.java:52)
	at org.testng.SuiteRunnerWorker.run(SuiteRunnerWorker.java:86)
	at org.testng.TestNG.runSuitesSequentially(TestNG.java:1244)
	at org.testng.TestNG.runSuitesLocally(TestNG.java:1169)
	at org.testng.TestNG.run(TestNG.java:1064)
	at org.apache.maven.surefire.testng.TestNGExecutor.run(TestNGExecutor.java:115)
	at org.apache.maven.surefire.testng.TestNGDirectoryTestSuite.executeSingleClass(TestNGDirectoryTestSuite.java:129)
	at org.apache.maven.surefire.testng.TestNGDirectoryTestSuite.execute(TestNGDirectoryTestSuite.java:113)
	at org.apache.maven.surefire.testng.TestNGProvider.invoke(TestNGProvider.java:111)
	at org.apache.maven.surefire.booter.ForkedBooter.invokeProviderInSameClassLoader(ForkedBooter.java:203)
	at org.apache.maven.surefire.booter.ForkedBooter.runSuitesInProcess(ForkedBooter.java:155)
	at org.apache.maven.surefire.booter.ForkedBooter.main(ForkedBooter.java:103)
</pre></td>
																</tr>
																<tr>
																	<td class='status info' title='info' alt='info'><i class='mdi-action-info-outline'></i></td>
																	<td class='timestamp'>21:38:13</td>
																	<td class='step-details'>Login successful.</td>
																</tr>
																<tr>
																	<td class='status info' title='info' alt='info'><i class='mdi-action-info-outline'></i></td>
																	<td class='timestamp'>21:38:13</td>
																	<td class='step-details'>Navigating to DM.</td>
																</tr>
														</tbody>
													</table>
													<ul class='collapsible node-list' data-collapsible='accordion'>
													</ul>
												</div>
											</div>
										</li>
										<li class='collection-item test displayed active fail ' extentid='2124a6a8-e45a-405f-adb6-dd52c1aec5b7'>
											<div class='test-head'>
												<span class='test-name'>tests.DimensionManagementTestSuite.deleteNon0levelMemberAttribute </span>
												<span class='test-status label right outline capitalize fail'>fail</span>
												<span class='category-assigned hide '></span>
											</div>
											<div class='test-body'>
												<div class='test-info'>
													<span title='Test started time' alt='Test started time' class='test-started-time label green lighten-1 text-white'>2018-05-29 21:38:21</span>
													<span title='Test ended time' alt='Test ended time' class='test-ended-time label red lighten-1 text-white'></span>
													<span title='Time taken to finish' alt='Time taken to finish' class='test-time-taken label blue-grey lighten-3 text-white'></span>
												</div>
												<div class='test-desc'></div>
												<div class='test-attributes'>
												</div>
												<div class='test-steps'>
													<table class='bordered table-results'>
														<thead>
															<tr>
																<th>Status</th>
																<th>Timestamp</th>
																<th>Details</th>
															</tr>
														</thead>
														<tbody>
																<tr>
																	<td class='status info' title='info' alt='info'><i class='mdi-action-info-outline'></i></td>
																	<td class='timestamp'>21:38:21</td>
																	<td class='step-details'>In deleteNon0levelMemberAttribute</td>
																</tr>
																<tr>
																	<td class='status info' title='info' alt='info'><i class='mdi-action-info-outline'></i></td>
																	<td class='timestamp'>21:38:21</td>
																	<td class='step-details'>Opening dimension editor for dimension : Sales Rep</td>
																</tr>
																<tr>
																	<td class='status info' title='info' alt='info'><i class='mdi-action-info-outline'></i></td>
																	<td class='timestamp'>21:38:29</td>
																	<td class='step-details'>Opened dimension editor for dimension : Sales Rep</td>
																</tr>
																<tr>
																	<td class='status info' title='info' alt='info'><i class='mdi-action-info-outline'></i></td>
																	<td class='timestamp'>21:38:29</td>
																	<td class='step-details'>Deleting non 0-level  member  Clorinda Naquin.</td>
																</tr>
																<tr>
																	<td class='status info' title='info' alt='info'><i class='mdi-action-info-outline'></i></td>
																	<td class='timestamp'>21:38:36</td>
																	<td class='step-details'>Deleted member  Clorinda Naquin.</td>
																</tr>
																<tr>
																	<td class='status info' title='info' alt='info'><i class='mdi-action-info-outline'></i></td>
																	<td class='timestamp'>21:38:37</td>
																	<td class='step-details'>Verifying Delete for Clorinda Naquin.</td>
																</tr>
																<tr>
																	<td class='status info' title='info' alt='info'><i class='mdi-action-info-outline'></i></td>
																	<td class='timestamp'>21:38:37</td>
																	<td class='step-details'>Verified Delete member for Clorinda Naquin.</td>
																</tr>
																<tr>
																	<td class='status info' title='info' alt='info'><i class='mdi-action-info-outline'></i></td>
																	<td class='timestamp'>21:38:37</td>
																	<td class='step-details'>Saving.</td>
																</tr>
																<tr>
																	<td class='status info' title='info' alt='info'><i class='mdi-action-info-outline'></i></td>
																	<td class='timestamp'>21:38:39</td>
																	<td class='step-details'>Saved.</td>
																</tr>
																<tr>
																	<td class='status info' title='info' alt='info'><i class='mdi-action-info-outline'></i></td>
																	<td class='timestamp'>21:38:39</td>
																	<td class='step-details'>Closing diemnsion Editor.</td>
																</tr>
																<tr>
																	<td class='status info' title='info' alt='info'><i class='mdi-action-info-outline'></i></td>
																	<td class='timestamp'>21:38:41</td>
																	<td class='step-details'>Closed diemnsion Editor.</td>
																</tr>
																<tr>
																	<td class='status info' title='info' alt='info'><i class='mdi-action-info-outline'></i></td>
																	<td class='timestamp'>21:38:41</td>
																	<td class='step-details'>Verifying that new member is added in the database.</td>
																</tr>
																<tr>
																	<td class='status fail' title='fail' alt='fail'><i class='mdi-navigation-cancel'></i></td>
																	<td class='timestamp'>21:38:44</td>
																	<td class='step-details'>Test case deleteNon0levelMemberAttribute is a fail.</td>
																</tr>
																<tr>
																	<td class='status info' title='info' alt='info'><i class='mdi-action-info-outline'></i></td>
																	<td class='timestamp'>21:38:44</td>
																	<td class='step-details'>Test case deleteNon0levelMemberAttribute is a fail.</td>
																</tr>
																<tr>
																	<td class='status fail' title='fail' alt='fail'><i class='mdi-navigation-cancel'></i></td>
																	<td class='timestamp'>21:38:44</td>
																	<td class='step-details'><pre>java.lang.RuntimeException: Failed to get Dimension info for  meta data
	at com.oracle.pcmcs.dbconn.utils.DatabaseUtils.getDimensionFromRDB(DatabaseUtils.java:302)
	at tests.DimensionManagementTestSuite.deleteMemberVerification(DimensionManagementTestSuite.java:55)
	at tests.DimensionManagementTestSuite.deleteNon0levelMemberAttribute(DimensionManagementTestSuite.java:414)
	at sun.reflect.NativeMethodAccessorImpl.invoke0(Native Method)
	at sun.reflect.NativeMethodAccessorImpl.invoke(NativeMethodAccessorImpl.java:57)
	at sun.reflect.DelegatingMethodAccessorImpl.invoke(DelegatingMethodAccessorImpl.java:43)
	at java.lang.reflect.Method.invoke(Method.java:606)
	at org.testng.internal.MethodInvocationHelper.invokeMethod(MethodInvocationHelper.java:86)
	at org.testng.internal.Invoker.invokeMethod(Invoker.java:643)
	at org.testng.internal.Invoker.invokeTestMethod(Invoker.java:820)
	at org.testng.internal.Invoker.invokeTestMethods(Invoker.java:1128)
	at org.testng.internal.TestMethodWorker.invokeTestMethods(TestMethodWorker.java:129)
	at org.testng.internal.TestMethodWorker.run(TestMethodWorker.java:112)
	at org.testng.TestRunner.privateRun(TestRunner.java:782)
	at org.testng.TestRunner.run(TestRunner.java:632)
	at org.testng.SuiteRunner.runTest(SuiteRunner.java:366)
	at org.testng.SuiteRunner.runSequentially(SuiteRunner.java:361)
	at org.testng.SuiteRunner.privateRun(SuiteRunner.java:319)
	at org.testng.SuiteRunner.run(SuiteRunner.java:268)
	at org.testng.SuiteRunnerWorker.runSuite(SuiteRunnerWorker.java:52)
	at org.testng.SuiteRunnerWorker.run(SuiteRunnerWorker.java:86)
	at org.testng.TestNG.runSuitesSequentially(TestNG.java:1244)
	at org.testng.TestNG.runSuitesLocally(TestNG.java:1169)
	at org.testng.TestNG.run(TestNG.java:1064)
	at org.apache.maven.surefire.testng.TestNGExecutor.run(TestNGExecutor.java:115)
	at org.apache.maven.surefire.testng.TestNGDirectoryTestSuite.executeSingleClass(TestNGDirectoryTestSuite.java:129)
	at org.apache.maven.surefire.testng.TestNGDirectoryTestSuite.execute(TestNGDirectoryTestSuite.java:113)
	at org.apache.maven.surefire.testng.TestNGProvider.invoke(TestNGProvider.java:111)
	at org.apache.maven.surefire.booter.ForkedBooter.invokeProviderInSameClassLoader(ForkedBooter.java:203)
	at org.apache.maven.surefire.booter.ForkedBooter.runSuitesInProcess(ForkedBooter.java:155)
	at org.apache.maven.surefire.booter.ForkedBooter.main(ForkedBooter.java:103)
</pre></td>
																</tr>
																<tr>
																	<td class='status info' title='info' alt='info'><i class='mdi-action-info-outline'></i></td>
																	<td class='timestamp'>21:39:11</td>
																	<td class='step-details'>Login successful.</td>
																</tr>
																<tr>
																	<td class='status info' title='info' alt='info'><i class='mdi-action-info-outline'></i></td>
																	<td class='timestamp'>21:39:11</td>
																	<td class='step-details'>Navigating to DM.</td>
																</tr>
														</tbody>
													</table>
													<ul class='collapsible node-list' data-collapsible='accordion'>
													</ul>
												</div>
											</div>
										</li>
										<li class='collection-item test displayed active fail ' extentid='790ee31f-2c7e-4b3a-a79b-49fe70d5cc14'>
											<div class='test-head'>
												<span class='test-name'>tests.DimensionManagementTestSuite.delete0levelMemberBusiness </span>
												<span class='test-status label right outline capitalize fail'>fail</span>
												<span class='category-assigned hide '></span>
											</div>
											<div class='test-body'>
												<div class='test-info'>
													<span title='Test started time' alt='Test started time' class='test-started-time label green lighten-1 text-white'>2018-05-29 21:39:20</span>
													<span title='Test ended time' alt='Test ended time' class='test-ended-time label red lighten-1 text-white'></span>
													<span title='Time taken to finish' alt='Time taken to finish' class='test-time-taken label blue-grey lighten-3 text-white'></span>
												</div>
												<div class='test-desc'></div>
												<div class='test-attributes'>
												</div>
												<div class='test-steps'>
													<table class='bordered table-results'>
														<thead>
															<tr>
																<th>Status</th>
																<th>Timestamp</th>
																<th>Details</th>
															</tr>
														</thead>
														<tbody>
																<tr>
																	<td class='status info' title='info' alt='info'><i class='mdi-action-info-outline'></i></td>
																	<td class='timestamp'>21:39:20</td>
																	<td class='step-details'>In delete0levelMemberBusiness</td>
																</tr>
																<tr>
																	<td class='status info' title='info' alt='info'><i class='mdi-action-info-outline'></i></td>
																	<td class='timestamp'>21:39:20</td>
																	<td class='step-details'>Opening dimension editor for dimension : Region</td>
																</tr>
																<tr>
																	<td class='status info' title='info' alt='info'><i class='mdi-action-info-outline'></i></td>
																	<td class='timestamp'>21:39:30</td>
																	<td class='step-details'>Opened dimension editor for dimension : Region</td>
																</tr>
																<tr>
																	<td class='status info' title='info' alt='info'><i class='mdi-action-info-outline'></i></td>
																	<td class='timestamp'>21:39:30</td>
																	<td class='step-details'>Deleting 0-level  member  Direct.</td>
																</tr>
																<tr>
																	<td class='status info' title='info' alt='info'><i class='mdi-action-info-outline'></i></td>
																	<td class='timestamp'>21:39:36</td>
																	<td class='step-details'>Deleted member  Direct.</td>
																</tr>
																<tr>
																	<td class='status info' title='info' alt='info'><i class='mdi-action-info-outline'></i></td>
																	<td class='timestamp'>21:39:38</td>
																	<td class='step-details'>Verifying Delete for Direct.</td>
																</tr>
																<tr>
																	<td class='status info' title='info' alt='info'><i class='mdi-action-info-outline'></i></td>
																	<td class='timestamp'>21:39:38</td>
																	<td class='step-details'>Verified Delete member for Direct.</td>
																</tr>
																<tr>
																	<td class='status info' title='info' alt='info'><i class='mdi-action-info-outline'></i></td>
																	<td class='timestamp'>21:39:38</td>
																	<td class='step-details'>Saving.</td>
																</tr>
																<tr>
																	<td class='status info' title='info' alt='info'><i class='mdi-action-info-outline'></i></td>
																	<td class='timestamp'>21:39:41</td>
																	<td class='step-details'>Saved.</td>
																</tr>
																<tr>
																	<td class='status info' title='info' alt='info'><i class='mdi-action-info-outline'></i></td>
																	<td class='timestamp'>21:39:41</td>
																	<td class='step-details'>Closing diemnsion Editor.</td>
																</tr>
																<tr>
																	<td class='status info' title='info' alt='info'><i class='mdi-action-info-outline'></i></td>
																	<td class='timestamp'>21:39:42</td>
																	<td class='step-details'>Closed diemnsion Editor.</td>
																</tr>
																<tr>
																	<td class='status info' title='info' alt='info'><i class='mdi-action-info-outline'></i></td>
																	<td class='timestamp'>21:39:42</td>
																	<td class='step-details'>Verifying that new member is added in the database.</td>
																</tr>
																<tr>
																	<td class='status fail' title='fail' alt='fail'><i class='mdi-navigation-cancel'></i></td>
																	<td class='timestamp'>21:39:45</td>
																	<td class='step-details'>Test case delete0levelMemberBusiness is a fail.</td>
																</tr>
																<tr>
																	<td class='status info' title='info' alt='info'><i class='mdi-action-info-outline'></i></td>
																	<td class='timestamp'>21:39:45</td>
																	<td class='step-details'>Test case delete0levelMemberBusiness is a fail.</td>
																</tr>
																<tr>
																	<td class='status fail' title='fail' alt='fail'><i class='mdi-navigation-cancel'></i></td>
																	<td class='timestamp'>21:39:45</td>
																	<td class='step-details'><pre>java.lang.RuntimeException: Failed to get Dimension info for  meta data
	at com.oracle.pcmcs.dbconn.utils.DatabaseUtils.getDimensionFromRDB(DatabaseUtils.java:302)
	at tests.DimensionManagementTestSuite.deleteMemberVerification(DimensionManagementTestSuite.java:55)
	at tests.DimensionManagementTestSuite.delete0levelMemberBusiness(DimensionManagementTestSuite.java:438)
	at sun.reflect.NativeMethodAccessorImpl.invoke0(Native Method)
	at sun.reflect.NativeMethodAccessorImpl.invoke(NativeMethodAccessorImpl.java:57)
	at sun.reflect.DelegatingMethodAccessorImpl.invoke(DelegatingMethodAccessorImpl.java:43)
	at java.lang.reflect.Method.invoke(Method.java:606)
	at org.testng.internal.MethodInvocationHelper.invokeMethod(MethodInvocationHelper.java:86)
	at org.testng.internal.Invoker.invokeMethod(Invoker.java:643)
	at org.testng.internal.Invoker.invokeTestMethod(Invoker.java:820)
	at org.testng.internal.Invoker.invokeTestMethods(Invoker.java:1128)
	at org.testng.internal.TestMethodWorker.invokeTestMethods(TestMethodWorker.java:129)
	at org.testng.internal.TestMethodWorker.run(TestMethodWorker.java:112)
	at org.testng.TestRunner.privateRun(TestRunner.java:782)
	at org.testng.TestRunner.run(TestRunner.java:632)
	at org.testng.SuiteRunner.runTest(SuiteRunner.java:366)
	at org.testng.SuiteRunner.runSequentially(SuiteRunner.java:361)
	at org.testng.SuiteRunner.privateRun(SuiteRunner.java:319)
	at org.testng.SuiteRunner.run(SuiteRunner.java:268)
	at org.testng.SuiteRunnerWorker.runSuite(SuiteRunnerWorker.java:52)
	at org.testng.SuiteRunnerWorker.run(SuiteRunnerWorker.java:86)
	at org.testng.TestNG.runSuitesSequentially(TestNG.java:1244)
	at org.testng.TestNG.runSuitesLocally(TestNG.java:1169)
	at org.testng.TestNG.run(TestNG.java:1064)
	at org.apache.maven.surefire.testng.TestNGExecutor.run(TestNGExecutor.java:115)
	at org.apache.maven.surefire.testng.TestNGDirectoryTestSuite.executeSingleClass(TestNGDirectoryTestSuite.java:129)
	at org.apache.maven.surefire.testng.TestNGDirectoryTestSuite.execute(TestNGDirectoryTestSuite.java:113)
	at org.apache.maven.surefire.testng.TestNGProvider.invoke(TestNGProvider.java:111)
	at org.apache.maven.surefire.booter.ForkedBooter.invokeProviderInSameClassLoader(ForkedBooter.java:203)
	at org.apache.maven.surefire.booter.ForkedBooter.runSuitesInProcess(ForkedBooter.java:155)
	at org.apache.maven.surefire.booter.ForkedBooter.main(ForkedBooter.java:103)
</pre></td>
																</tr>
																<tr>
																	<td class='status info' title='info' alt='info'><i class='mdi-action-info-outline'></i></td>
																	<td class='timestamp'>21:40:11</td>
																	<td class='step-details'>Login successful.</td>
																</tr>
																<tr>
																	<td class='status info' title='info' alt='info'><i class='mdi-action-info-outline'></i></td>
																	<td class='timestamp'>21:40:11</td>
																	<td class='step-details'>Navigating to DM.</td>
																</tr>
														</tbody>
													</table>
													<ul class='collapsible node-list' data-collapsible='accordion'>
													</ul>
												</div>
											</div>
										</li>
										<li class='collection-item test displayed active pass ' extentid='3fb0ec95-e12b-4c42-bc6d-2b9d7b7c3309'>
											<div class='test-head'>
												<span class='test-name'>tests.DimensionManagementTestSuite.reparent0LevelToAnother0LevelPOV </span>
												<span class='test-status label right outline capitalize pass'>pass</span>
												<span class='category-assigned hide '></span>
											</div>
											<div class='test-body'>
												<div class='test-info'>
													<span title='Test started time' alt='Test started time' class='test-started-time label green lighten-1 text-white'>2018-05-29 21:40:18</span>
													<span title='Test ended time' alt='Test ended time' class='test-ended-time label red lighten-1 text-white'></span>
													<span title='Time taken to finish' alt='Time taken to finish' class='test-time-taken label blue-grey lighten-3 text-white'></span>
												</div>
												<div class='test-desc'></div>
												<div class='test-attributes'>
												</div>
												<div class='test-steps'>
													<table class='bordered table-results'>
														<thead>
															<tr>
																<th>Status</th>
																<th>Timestamp</th>
																<th>Details</th>
															</tr>
														</thead>
														<tbody>
																<tr>
																	<td class='status info' title='info' alt='info'><i class='mdi-action-info-outline'></i></td>
																	<td class='timestamp'>21:40:18</td>
																	<td class='step-details'>Opening dimension editor for dimension : Period</td>
																</tr>
																<tr>
																	<td class='status info' title='info' alt='info'><i class='mdi-action-info-outline'></i></td>
																	<td class='timestamp'>21:40:29</td>
																	<td class='step-details'>Opened dimension editor for dimension : Period</td>
																</tr>
																<tr>
																	<td class='status info' title='info' alt='info'><i class='mdi-action-info-outline'></i></td>
																	<td class='timestamp'>21:40:29</td>
																	<td class='step-details'>reparenting 0-level  member  October.</td>
																</tr>
																<tr>
																	<td class='status info' title='info' alt='info'><i class='mdi-action-info-outline'></i></td>
																	<td class='timestamp'>21:40:36</td>
																	<td class='step-details'>Opened reprent dlg for member  October.</td>
																</tr>
																<tr>
																	<td class='status info' title='info' alt='info'><i class='mdi-action-info-outline'></i></td>
																	<td class='timestamp'>21:40:38</td>
																	<td class='step-details'>selecting parent December for October.</td>
																</tr>
																<tr>
																	<td class='status info' title='info' alt='info'><i class='mdi-action-info-outline'></i></td>
																	<td class='timestamp'>21:40:41</td>
																	<td class='step-details'>Reparented  member to  December.</td>
																</tr>
																<tr>
																	<td class='status info' title='info' alt='info'><i class='mdi-action-info-outline'></i></td>
																	<td class='timestamp'>21:40:41</td>
																	<td class='step-details'>Saving.</td>
																</tr>
																<tr>
																	<td class='status info' title='info' alt='info'><i class='mdi-action-info-outline'></i></td>
																	<td class='timestamp'>21:40:44</td>
																	<td class='step-details'>Saved.</td>
																</tr>
																<tr>
																	<td class='status info' title='info' alt='info'><i class='mdi-action-info-outline'></i></td>
																	<td class='timestamp'>21:40:44</td>
																	<td class='step-details'>Closing diemnsion Editor.</td>
																</tr>
																<tr>
																	<td class='status info' title='info' alt='info'><i class='mdi-action-info-outline'></i></td>
																	<td class='timestamp'>21:40:45</td>
																	<td class='step-details'>Closed diemnsion Editor.</td>
																</tr>
																<tr>
																	<td class='status pass' title='pass' alt='pass'><i class='mdi-action-check-circle'></i></td>
																	<td class='timestamp'>21:40:45</td>
																	<td class='step-details'>Test case reparent0LevelToAnother0LevelPOV is a pass.</td>
																</tr>
																<tr>
																	<td class='status info' title='info' alt='info'><i class='mdi-action-info-outline'></i></td>
																	<td class='timestamp'>21:40:45</td>
																	<td class='step-details'>Test case reparent0LevelToAnother0LevelPOV is a pass.</td>
																</tr>
														</tbody>
													</table>
													<ul class='collapsible node-list' data-collapsible='accordion'>
													</ul>
												</div>
											</div>
										</li>
										<li class='collection-item test displayed active pass ' extentid='9a85841b-65e3-44a4-ba09-e4bb6befc485'>
											<div class='test-head'>
												<span class='test-name'>tests.DimensionManagementTestSuite.reparent0LevelToNonLevelBusiness </span>
												<span class='test-status label right outline capitalize pass'>pass</span>
												<span class='category-assigned hide '></span>
											</div>
											<div class='test-body'>
												<div class='test-info'>
													<span title='Test started time' alt='Test started time' class='test-started-time label green lighten-1 text-white'>2018-05-29 21:40:56</span>
													<span title='Test ended time' alt='Test ended time' class='test-ended-time label red lighten-1 text-white'></span>
													<span title='Time taken to finish' alt='Time taken to finish' class='test-time-taken label blue-grey lighten-3 text-white'></span>
												</div>
												<div class='test-desc'></div>
												<div class='test-attributes'>
												</div>
												<div class='test-steps'>
													<table class='bordered table-results'>
														<thead>
															<tr>
																<th>Status</th>
																<th>Timestamp</th>
																<th>Details</th>
															</tr>
														</thead>
														<tbody>
																<tr>
																	<td class='status info' title='info' alt='info'><i class='mdi-action-info-outline'></i></td>
																	<td class='timestamp'>21:40:57</td>
																	<td class='step-details'>Opening dimension editor for dimension : Entity</td>
																</tr>
																<tr>
																	<td class='status info' title='info' alt='info'><i class='mdi-action-info-outline'></i></td>
																	<td class='timestamp'>21:41:03</td>
																	<td class='step-details'>Opened dimension editor for dimension : Entity</td>
																</tr>
																<tr>
																	<td class='status info' title='info' alt='info'><i class='mdi-action-info-outline'></i></td>
																	<td class='timestamp'>21:41:03</td>
																	<td class='step-details'>reparenting 0-level  member  CC4000.</td>
																</tr>
																<tr>
																	<td class='status info' title='info' alt='info'><i class='mdi-action-info-outline'></i></td>
																	<td class='timestamp'>21:41:09</td>
																	<td class='step-details'>Opened reprent dlg for member  CC4000.</td>
																</tr>
																<tr>
																	<td class='status info' title='info' alt='info'><i class='mdi-action-info-outline'></i></td>
																	<td class='timestamp'>21:41:10</td>
																	<td class='step-details'>selecting parent CC7001 for CC4000.</td>
																</tr>
																<tr>
																	<td class='status info' title='info' alt='info'><i class='mdi-action-info-outline'></i></td>
																	<td class='timestamp'>21:41:13</td>
																	<td class='step-details'>Reparented  member to  CC7001.</td>
																</tr>
																<tr>
																	<td class='status info' title='info' alt='info'><i class='mdi-action-info-outline'></i></td>
																	<td class='timestamp'>21:41:13</td>
																	<td class='step-details'>Saving.</td>
																</tr>
																<tr>
																	<td class='status info' title='info' alt='info'><i class='mdi-action-info-outline'></i></td>
																	<td class='timestamp'>21:41:16</td>
																	<td class='step-details'>Saved.</td>
																</tr>
																<tr>
																	<td class='status info' title='info' alt='info'><i class='mdi-action-info-outline'></i></td>
																	<td class='timestamp'>21:41:16</td>
																	<td class='step-details'>Closing diemnsion Editor.</td>
																</tr>
																<tr>
																	<td class='status info' title='info' alt='info'><i class='mdi-action-info-outline'></i></td>
																	<td class='timestamp'>21:41:17</td>
																	<td class='step-details'>Closed diemnsion Editor.</td>
																</tr>
																<tr>
																	<td class='status pass' title='pass' alt='pass'><i class='mdi-action-check-circle'></i></td>
																	<td class='timestamp'>21:41:17</td>
																	<td class='step-details'>Test case reparent0LevelToNonLevelBusiness is a pass.</td>
																</tr>
																<tr>
																	<td class='status info' title='info' alt='info'><i class='mdi-action-info-outline'></i></td>
																	<td class='timestamp'>21:41:17</td>
																	<td class='step-details'>Test case reparent0LevelToNonLevelBusiness is a pass.</td>
																</tr>
														</tbody>
													</table>
													<ul class='collapsible node-list' data-collapsible='accordion'>
													</ul>
												</div>
											</div>
										</li>
										<li class='collection-item test displayed active pass ' extentid='771bd307-e492-44ef-a4cf-85bc1194bc93'>
											<div class='test-head'>
												<span class='test-name'>tests.DimensionManagementTestSuite.reparentNonLevelTo0LevelBusiness </span>
												<span class='test-status label right outline capitalize pass'>pass</span>
												<span class='category-assigned hide '></span>
											</div>
											<div class='test-body'>
												<div class='test-info'>
													<span title='Test started time' alt='Test started time' class='test-started-time label green lighten-1 text-white'>2018-05-29 21:41:27</span>
													<span title='Test ended time' alt='Test ended time' class='test-ended-time label red lighten-1 text-white'></span>
													<span title='Time taken to finish' alt='Time taken to finish' class='test-time-taken label blue-grey lighten-3 text-white'></span>
												</div>
												<div class='test-desc'></div>
												<div class='test-attributes'>
												</div>
												<div class='test-steps'>
													<table class='bordered table-results'>
														<thead>
															<tr>
																<th>Status</th>
																<th>Timestamp</th>
																<th>Details</th>
															</tr>
														</thead>
														<tbody>
																<tr>
																	<td class='status info' title='info' alt='info'><i class='mdi-action-info-outline'></i></td>
																	<td class='timestamp'>21:41:27</td>
																	<td class='step-details'>Opening dimension editor for dimension : Entity</td>
																</tr>
																<tr>
																	<td class='status info' title='info' alt='info'><i class='mdi-action-info-outline'></i></td>
																	<td class='timestamp'>21:41:35</td>
																	<td class='step-details'>Opened dimension editor for dimension : Entity</td>
																</tr>
																<tr>
																	<td class='status info' title='info' alt='info'><i class='mdi-action-info-outline'></i></td>
																	<td class='timestamp'>21:41:35</td>
																	<td class='step-details'>reparenting 0-level  member  CC8000.</td>
																</tr>
																<tr>
																	<td class='status info' title='info' alt='info'><i class='mdi-action-info-outline'></i></td>
																	<td class='timestamp'>21:41:42</td>
																	<td class='step-details'>Opened reprent dlg for member  CC8000.</td>
																</tr>
																<tr>
																	<td class='status info' title='info' alt='info'><i class='mdi-action-info-outline'></i></td>
																	<td class='timestamp'>21:41:43</td>
																	<td class='step-details'>selecting parent CC6001 for CC8000.</td>
																</tr>
																<tr>
																	<td class='status info' title='info' alt='info'><i class='mdi-action-info-outline'></i></td>
																	<td class='timestamp'>21:41:47</td>
																	<td class='step-details'>Reparented  member to  CC6001.</td>
																</tr>
																<tr>
																	<td class='status info' title='info' alt='info'><i class='mdi-action-info-outline'></i></td>
																	<td class='timestamp'>21:41:47</td>
																	<td class='step-details'>Saving.</td>
																</tr>
																<tr>
																	<td class='status info' title='info' alt='info'><i class='mdi-action-info-outline'></i></td>
																	<td class='timestamp'>21:41:49</td>
																	<td class='step-details'>Saved.</td>
																</tr>
																<tr>
																	<td class='status info' title='info' alt='info'><i class='mdi-action-info-outline'></i></td>
																	<td class='timestamp'>21:41:49</td>
																	<td class='step-details'>Closing diemnsion Editor.</td>
																</tr>
																<tr>
																	<td class='status info' title='info' alt='info'><i class='mdi-action-info-outline'></i></td>
																	<td class='timestamp'>21:41:51</td>
																	<td class='step-details'>Closed diemnsion Editor.</td>
																</tr>
																<tr>
																	<td class='status pass' title='pass' alt='pass'><i class='mdi-action-check-circle'></i></td>
																	<td class='timestamp'>21:41:51</td>
																	<td class='step-details'>Test case reparentNonLevelTo0LevelBusiness is a pass.</td>
																</tr>
																<tr>
																	<td class='status info' title='info' alt='info'><i class='mdi-action-info-outline'></i></td>
																	<td class='timestamp'>21:41:51</td>
																	<td class='step-details'>Test case reparentNonLevelTo0LevelBusiness is a pass.</td>
																</tr>
														</tbody>
													</table>
													<ul class='collapsible node-list' data-collapsible='accordion'>
													</ul>
												</div>
											</div>
										</li>
										<li class='collection-item test displayed active pass ' extentid='3e8bf681-73f4-4203-b696-255690043fc2'>
											<div class='test-head'>
												<span class='test-name'>tests.DimensionManagementTestSuite.reparentNonLevelToTopBusiness </span>
												<span class='test-status label right outline capitalize pass'>pass</span>
												<span class='category-assigned hide '></span>
											</div>
											<div class='test-body'>
												<div class='test-info'>
													<span title='Test started time' alt='Test started time' class='test-started-time label green lighten-1 text-white'>2018-05-29 21:42:01</span>
													<span title='Test ended time' alt='Test ended time' class='test-ended-time label red lighten-1 text-white'></span>
													<span title='Time taken to finish' alt='Time taken to finish' class='test-time-taken label blue-grey lighten-3 text-white'></span>
												</div>
												<div class='test-desc'></div>
												<div class='test-attributes'>
												</div>
												<div class='test-steps'>
													<table class='bordered table-results'>
														<thead>
															<tr>
																<th>Status</th>
																<th>Timestamp</th>
																<th>Details</th>
															</tr>
														</thead>
														<tbody>
																<tr>
																	<td class='status info' title='info' alt='info'><i class='mdi-action-info-outline'></i></td>
																	<td class='timestamp'>21:42:01</td>
																	<td class='step-details'>Opening dimension editor for dimension : Activity</td>
																</tr>
																<tr>
																	<td class='status info' title='info' alt='info'><i class='mdi-action-info-outline'></i></td>
																	<td class='timestamp'>21:42:08</td>
																	<td class='step-details'>Opened dimension editor for dimension : Activity</td>
																</tr>
																<tr>
																	<td class='status info' title='info' alt='info'><i class='mdi-action-info-outline'></i></td>
																	<td class='timestamp'>21:42:08</td>
																	<td class='step-details'>reparenting 0-level  member  Customer Servicing.</td>
																</tr>
																<tr>
																	<td class='status info' title='info' alt='info'><i class='mdi-action-info-outline'></i></td>
																	<td class='timestamp'>21:42:15</td>
																	<td class='step-details'>Opened reprent dlg for member  Customer Servicing.</td>
																</tr>
																<tr>
																	<td class='status info' title='info' alt='info'><i class='mdi-action-info-outline'></i></td>
																	<td class='timestamp'>21:42:16</td>
																	<td class='step-details'>selecting parent Activity for Customer Servicing.</td>
																</tr>
																<tr>
																	<td class='status info' title='info' alt='info'><i class='mdi-action-info-outline'></i></td>
																	<td class='timestamp'>21:42:19</td>
																	<td class='step-details'>Reparented  member to  Activity.</td>
																</tr>
																<tr>
																	<td class='status info' title='info' alt='info'><i class='mdi-action-info-outline'></i></td>
																	<td class='timestamp'>21:42:19</td>
																	<td class='step-details'>Saving.</td>
																</tr>
																<tr>
																	<td class='status info' title='info' alt='info'><i class='mdi-action-info-outline'></i></td>
																	<td class='timestamp'>21:42:21</td>
																	<td class='step-details'>Saved.</td>
																</tr>
																<tr>
																	<td class='status info' title='info' alt='info'><i class='mdi-action-info-outline'></i></td>
																	<td class='timestamp'>21:42:21</td>
																	<td class='step-details'>Closing diemnsion Editor.</td>
																</tr>
																<tr>
																	<td class='status info' title='info' alt='info'><i class='mdi-action-info-outline'></i></td>
																	<td class='timestamp'>21:42:22</td>
																	<td class='step-details'>Closed diemnsion Editor.</td>
																</tr>
																<tr>
																	<td class='status pass' title='pass' alt='pass'><i class='mdi-action-check-circle'></i></td>
																	<td class='timestamp'>21:42:23</td>
																	<td class='step-details'>Test case reparentNonLevelToTopBusiness is a pass.</td>
																</tr>
																<tr>
																	<td class='status info' title='info' alt='info'><i class='mdi-action-info-outline'></i></td>
																	<td class='timestamp'>21:42:23</td>
																	<td class='step-details'>Test case reparentNonLevelToTopBusiness is a pass.</td>
																</tr>
														</tbody>
													</table>
													<ul class='collapsible node-list' data-collapsible='accordion'>
													</ul>
												</div>
											</div>
										</li>
								</ul>
							</div>
						</div>
					</div>
				</div>
				<div id='test-details-wrapper' class='col _addedCell2'>
					<div class='contents'>
						<div class='card-panel details-view'>
							<h5 class='details-name'></h5>
							<div class='step-filters right'>
								<span class='btn-floating btn-small waves-effect waves-light blue' status='info' alt='info' title='info'><i class='mdi-action-info-outline'></i></span>
								<span class='btn-floating btn-small waves-effect waves-light green' status='pass' alt='pass' title='pass'><i class='mdi-action-check-circle'></i></span>
								<span class='btn-floating btn-small waves-effect waves-light red' status='fail' alt='fail' title='fail'><i class='mdi-navigation-cancel'></i></span>
								<span class='btn-floating btn-small waves-effect waves-light red darken-4' status='fatal' alt='fatal' title='fatal'><i class='mdi-navigation-cancel'></i></span>
								<span class='btn-floating btn-small waves-effect waves-light red lighten-2' status='error' alt='error' title='error'><i class='mdi-alert-error'></i></span>
								<span class='btn-floating btn-small waves-effect waves-light orange' alt='warning' status='warning' title='warning'><i class='mdi-alert-warning'></i></span>
								<span class='btn-floating btn-small waves-effect waves-light cyan' status='skip' alt='skip' title='skip'><i class='mdi-content-redo'></i></span>
								<span class='btn-floating btn-small waves-effect waves-light grey darken-2' status='clear-step-filter' alt='Clear filters' title='Clear filters'><i class='mdi-content-clear'></i></span>
							</div>
							<div class='details-container'>
							</div>
						</div>
					</div>
				</div>
			</div>
			<!-- /tests -->
			
			<!-- categories -->
			<!-- /categories -->
			
			<!-- exceptions -->
			<!-- /exceptions -->
			
			<!-- testrunner logs -->
			<!-- /testrunner logs -->
			
		</div>
		<!-- /container -->
		
		<!-- test dashboard counts setting -->
		<div id='test-count-setting' class='modal bottom-sheet'> 
			<div class='modal-content'> 
				<h5>Configure Tests Count Setting</h5> 
				<input name='test-count-setting' type='radio' id='parentWithoutNodes' class='with-gap'> 
				<label for='parentWithoutNodes'>Parent Tests Only (Does not include child nodes in counts)</label> 
				<br> 
				<input name='test-count-setting' type='radio' id='parentWithoutNodesAndNodes' class='with-gap'> 
				<label for='parentWithoutNodesAndNodes'>Parent Tests Without Child Tests + Child Tests</label> 
				<br> 
				<input name='test-count-setting' type='radio' id='childNodes' class='with-gap'> 
				<label for='childNodes'>Child Tests Only</label> 
			</div> 
			<div class='modal-footer'> 
				<a href='#!' class='modal-action modal-close waves-effect waves-green btn'>Save</a> 
			</div> 
		</div>
		<!-- /test dashboard counts setting -->
		
		<!-- filter for step status -->
		<div id='step-status-filter' class='modal bottom-sheet'> 
			<div class='modal-content'> 
				<h5>Select status</h5> 
				<input checked class='filled-in' type='checkbox' id='step-dashboard-filter-pass'> 
				<label for='step-dashboard-filter-pass'>Pass</label> 
				<br> 
				<input checked class='filled-in' type='checkbox' id='step-dashboard-filter-fail'> 
				<label for='step-dashboard-filter-fail'>Fail</label> 
				<br> 
				<input checked class='filled-in' type='checkbox' id='step-dashboard-filter-fatal'> 
				<label for='step-dashboard-filter-fatal'>Fatal</label> 
				<br> 
				<input checked class='filled-in' type='checkbox' id='step-dashboard-filter-error'> 
				<label for='step-dashboard-filter-error'>Error</label> 
				<br> 
				<input checked class='filled-in' type='checkbox' id='step-dashboard-filter-warning'> 
				<label for='step-dashboard-filter-warning'>Warning</label> 
				<br> 
				<input checked class='filled-in' type='checkbox' id='step-dashboard-filter-skip'> 
				<label for='step-dashboard-filter-skip'>Skipped</label> 
				<br> 
				<input checked class='filled-in' type='checkbox' id='step-dashboard-filter-info'> 
				<label for='step-dashboard-filter-info'>Info</label> 
				<br> 
				<input checked class='filled-in' type='checkbox' id='step-dashboard-filter-unknown'> 
				<label for='step-dashboard-filter-unknown'>Unknown</label> 
			</div>
			<div class='modal-footer'> 
				<a href='#!' class='modal-action modal-close waves-effect waves-green btn'>Save</a> 
			</div> 
		</div>
		<!-- /filter for step status -->
		
		<script src='https://cdn.rawgit.com/anshooarora/extentreports/6032d73243ba4fe4fb8769eb9c315d4fdf16fe68/cdn/extent.js' type='text/javascript'></script>

		<script>$(document).ready(function() { $('.logo span').html('ExtentReports'); });</script>
		<script>
				
            
                $(document).ready(function() {
                    
                });
            
        
		</script>
	</body>
</html>
